2024-10-17 08:22:34,428 INFO SPI service [com.alipay.sofa.jraft.JRaftServiceFactory - com.alipay.sofa.jraft.core.DefaultJRaftServiceFactory] loading.

2024-10-17 08:22:34,585 INFO SPI service [com.alipay.sofa.jraft.rpc.RaftRpcFactory - com.alipay.sofa.jraft.rpc.impl.GrpcRaftRpcFactory] loading.

2024-10-17 08:22:35,000 INFO SPI service [com.alipay.sofa.jraft.util.JRaftSignalHandler - com.alipay.sofa.jraft.NodeDescribeSignalHandler] loading.

2024-10-17 08:22:35,001 INFO SPI service [com.alipay.sofa.jraft.util.JRaftSignalHandler - com.alipay.sofa.jraft.NodeMetricsSignalHandler] loading.

2024-10-17 08:22:35,003 INFO SPI service [com.alipay.sofa.jraft.util.JRaftSignalHandler - com.alipay.sofa.jraft.ThreadPoolMetricsSignalHandler] loading.

2024-10-17 08:22:35,007 INFO SPI service [com.alipay.sofa.jraft.util.timer.RaftTimerFactory - com.alipay.sofa.jraft.util.timer.DefaultRaftTimerFactory] loading.

2024-10-17 08:22:35,010 INFO The number of active nodes increment to 1.

2024-10-17 08:22:36,855 INFO Truncated prefix logs in data path: /home/nacos/data/protocol/raft/naming_persistent_service_v2/log from log index 0 to 38, cost 1 ms.

2024-10-17 08:22:36,865 INFO Starts FSMCaller successfully.

2024-10-17 08:22:36,879 INFO Loading snapshot, meta=last_included_index: 37
last_included_term: 37
peers: "dc7745c09b13:7848"
.

2024-10-17 08:22:36,959 INFO Node <naming_persistent_service_v2/dc7745c09b13:7848> onSnapshotLoadDone, last_included_index: 37
last_included_term: 37
peers: "dc7745c09b13:7848"


2024-10-17 08:22:36,960 INFO Node <naming_persistent_service_v2/dc7745c09b13:7848> target priority value has changed from: 0, to: -1.

2024-10-17 08:22:37,000 INFO Node <naming_persistent_service_v2/dc7745c09b13:7848> init, term=37, lastLogId=LogId [index=37, term=37], conf=dc7745c09b13:7848, oldConf=.

2024-10-17 08:22:37,004 INFO Node <naming_persistent_service_v2/dc7745c09b13:7848> start vote and grant vote self, term=37.

2024-10-17 08:22:37,097 INFO Truncated prefix logs in data path: /home/nacos/data/protocol/raft/naming_persistent_service_v2/log from log index 38 to 38, cost 0 ms.

2024-10-17 08:22:37,138 INFO Save raft meta, path=/home/nacos/data/protocol/raft/naming_persistent_service_v2/meta-data, term=38, votedFor=dc7745c09b13:7848, cost time=132 ms

2024-10-17 08:22:37,139 INFO Node <naming_persistent_service_v2/dc7745c09b13:7848> become leader of group, term=38, conf=dc7745c09b13:7848, oldConf=.

2024-10-17 08:22:37,142 INFO -Djraft.recyclers.maxCapacityPerThread: 4096.

2024-10-17 08:22:37,143 WARN RPC server is not started in RaftGroupService.

2024-10-17 08:22:37,144 INFO Start the RaftGroupService successfully.

2024-10-17 08:22:37,178 INFO The number of active nodes increment to 2.

2024-10-17 08:22:37,245 INFO onLeaderStart: term=38.

2024-10-17 08:22:37,711 INFO Creating new channel to: dc7745c09b13:7848.

2024-10-17 08:22:37,721 INFO The channel dc7745c09b13:7848 is in state: CONNECTING.

2024-10-17 08:22:37,733 INFO Truncated prefix logs in data path: /home/nacos/data/protocol/raft/naming_instance_metadata/log from log index 0 to 38, cost 1 ms.

2024-10-17 08:22:37,735 INFO Starts FSMCaller successfully.

2024-10-17 08:22:37,736 INFO Loading snapshot, meta=last_included_index: 37
last_included_term: 37
peers: "dc7745c09b13:7848"
.

2024-10-17 08:22:37,738 INFO Node <naming_instance_metadata/dc7745c09b13:7848> onSnapshotLoadDone, last_included_index: 37
last_included_term: 37
peers: "dc7745c09b13:7848"


2024-10-17 08:22:37,738 INFO Node <naming_instance_metadata/dc7745c09b13:7848> target priority value has changed from: 0, to: -1.

2024-10-17 08:22:37,741 INFO Node <naming_instance_metadata/dc7745c09b13:7848> init, term=37, lastLogId=LogId [index=37, term=37], conf=dc7745c09b13:7848, oldConf=.

2024-10-17 08:22:37,742 INFO Node <naming_instance_metadata/dc7745c09b13:7848> start vote and grant vote self, term=37.

2024-10-17 08:22:37,968 INFO Truncated prefix logs in data path: /home/nacos/data/protocol/raft/naming_instance_metadata/log from log index 38 to 38, cost 0 ms.

2024-10-17 08:22:38,001 INFO Save raft meta, path=/home/nacos/data/protocol/raft/naming_instance_metadata/meta-data, term=38, votedFor=dc7745c09b13:7848, cost time=258 ms

2024-10-17 08:22:38,001 INFO Node <naming_instance_metadata/dc7745c09b13:7848> become leader of group, term=38, conf=dc7745c09b13:7848, oldConf=.

2024-10-17 08:22:38,002 WARN RPC server is not started in RaftGroupService.

2024-10-17 08:22:38,002 INFO Start the RaftGroupService successfully.

2024-10-17 08:22:38,042 INFO onLeaderStart: term=38.

2024-10-17 08:22:38,043 INFO The number of active nodes increment to 3.

2024-10-17 08:22:38,504 INFO The channel dc7745c09b13:7848 is in state: READY.

2024-10-17 08:22:38,505 INFO The channel dc7745c09b13:7848 has successfully established.

2024-10-17 08:22:38,570 INFO Truncated prefix logs in data path: /home/nacos/data/protocol/raft/naming_service_metadata/log from log index 0 to 38, cost 0 ms.

2024-10-17 08:22:38,571 INFO Starts FSMCaller successfully.

2024-10-17 08:22:38,582 INFO Loading snapshot, meta=last_included_index: 37
last_included_term: 37
peers: "dc7745c09b13:7848"
.

2024-10-17 08:22:38,584 INFO Node <naming_service_metadata/dc7745c09b13:7848> onSnapshotLoadDone, last_included_index: 37
last_included_term: 37
peers: "dc7745c09b13:7848"


2024-10-17 08:22:38,585 INFO Node <naming_service_metadata/dc7745c09b13:7848> target priority value has changed from: 0, to: -1.

2024-10-17 08:22:38,586 INFO Node <naming_service_metadata/dc7745c09b13:7848> init, term=37, lastLogId=LogId [index=37, term=37], conf=dc7745c09b13:7848, oldConf=.

2024-10-17 08:22:38,588 INFO Node <naming_service_metadata/dc7745c09b13:7848> start vote and grant vote self, term=37.

2024-10-17 08:22:38,720 INFO Truncated prefix logs in data path: /home/nacos/data/protocol/raft/naming_service_metadata/log from log index 38 to 38, cost 0 ms.

2024-10-17 08:22:38,753 INFO Save raft meta, path=/home/nacos/data/protocol/raft/naming_service_metadata/meta-data, term=38, votedFor=dc7745c09b13:7848, cost time=163 ms

2024-10-17 08:22:38,754 INFO Node <naming_service_metadata/dc7745c09b13:7848> become leader of group, term=38, conf=dc7745c09b13:7848, oldConf=.

2024-10-17 08:22:38,754 WARN RPC server is not started in RaftGroupService.

2024-10-17 08:22:38,755 INFO Start the RaftGroupService successfully.

2024-10-17 08:22:38,842 INFO onLeaderStart: term=38.

2024-10-17 08:42:15,874 INFO Deleting snapshot /home/nacos/data/protocol/raft/naming_service_metadata/snapshot/snapshot_38.

2024-10-17 08:42:15,875 INFO Renaming /home/nacos/data/protocol/raft/naming_service_metadata/snapshot/temp to /home/nacos/data/protocol/raft/naming_service_metadata/snapshot/snapshot_38.

2024-10-17 08:42:15,915 INFO Deleting snapshot /home/nacos/data/protocol/raft/naming_service_metadata/snapshot/snapshot_37.

2024-10-17 08:42:16,025 INFO Truncated prefix logs in data path: /home/nacos/data/protocol/raft/naming_service_metadata/log from log index 38 to 38, cost 1 ms.

2024-10-17 08:45:33,524 INFO Deleting snapshot /home/nacos/data/protocol/raft/naming_persistent_service_v2/snapshot/snapshot_38.

2024-10-17 08:45:33,524 INFO Renaming /home/nacos/data/protocol/raft/naming_persistent_service_v2/snapshot/temp to /home/nacos/data/protocol/raft/naming_persistent_service_v2/snapshot/snapshot_38.

2024-10-17 08:45:33,557 INFO Deleting snapshot /home/nacos/data/protocol/raft/naming_persistent_service_v2/snapshot/snapshot_37.

2024-10-17 08:45:33,700 INFO Truncated prefix logs in data path: /home/nacos/data/protocol/raft/naming_persistent_service_v2/log from log index 38 to 38, cost 0 ms.

2024-10-17 08:52:32,290 INFO Deleting snapshot /home/nacos/data/protocol/raft/naming_instance_metadata/snapshot/snapshot_38.

2024-10-17 08:52:32,291 INFO Renaming /home/nacos/data/protocol/raft/naming_instance_metadata/snapshot/temp to /home/nacos/data/protocol/raft/naming_instance_metadata/snapshot/snapshot_38.

2024-10-17 08:52:32,323 INFO Deleting snapshot /home/nacos/data/protocol/raft/naming_instance_metadata/snapshot/snapshot_37.

2024-10-17 08:52:32,424 INFO Truncated prefix logs in data path: /home/nacos/data/protocol/raft/naming_instance_metadata/log from log index 38 to 38, cost 0 ms.

2024-10-17 09:12:15,503 INFO Truncated prefix logs in data path: /home/nacos/data/protocol/raft/naming_service_metadata/log from log index 38 to 39, cost 0 ms.

2024-10-17 09:15:33,272 INFO Truncated prefix logs in data path: /home/nacos/data/protocol/raft/naming_persistent_service_v2/log from log index 38 to 39, cost 0 ms.

2024-10-17 09:22:32,015 INFO Truncated prefix logs in data path: /home/nacos/data/protocol/raft/naming_instance_metadata/log from log index 38 to 39, cost 1 ms.

2024-10-17 09:42:15,400 INFO Truncated prefix logs in data path: /home/nacos/data/protocol/raft/naming_service_metadata/log from log index 39 to 39, cost 0 ms.

2024-10-17 09:45:33,194 INFO Truncated prefix logs in data path: /home/nacos/data/protocol/raft/naming_persistent_service_v2/log from log index 39 to 39, cost 1 ms.

2024-10-17 09:52:31,919 INFO Truncated prefix logs in data path: /home/nacos/data/protocol/raft/naming_instance_metadata/log from log index 39 to 39, cost 0 ms.

2024-10-17 10:12:15,305 INFO Truncated prefix logs in data path: /home/nacos/data/protocol/raft/naming_service_metadata/log from log index 39 to 39, cost 0 ms.

2024-10-17 10:15:33,108 INFO Truncated prefix logs in data path: /home/nacos/data/protocol/raft/naming_persistent_service_v2/log from log index 39 to 39, cost 0 ms.

2024-10-17 10:22:31,832 INFO Truncated prefix logs in data path: /home/nacos/data/protocol/raft/naming_instance_metadata/log from log index 39 to 39, cost 0 ms.

2024-10-17 10:42:15,229 INFO Truncated prefix logs in data path: /home/nacos/data/protocol/raft/naming_service_metadata/log from log index 39 to 39, cost 0 ms.

2024-10-17 10:45:33,009 INFO Truncated prefix logs in data path: /home/nacos/data/protocol/raft/naming_persistent_service_v2/log from log index 39 to 39, cost 0 ms.

2024-10-17 10:52:31,814 INFO Truncated prefix logs in data path: /home/nacos/data/protocol/raft/naming_instance_metadata/log from log index 39 to 39, cost 0 ms.

2024-10-17 11:12:15,158 INFO Truncated prefix logs in data path: /home/nacos/data/protocol/raft/naming_service_metadata/log from log index 39 to 39, cost 0 ms.

2024-10-17 11:15:32,937 INFO Truncated prefix logs in data path: /home/nacos/data/protocol/raft/naming_persistent_service_v2/log from log index 39 to 39, cost 0 ms.

2024-10-17 11:22:31,711 INFO Truncated prefix logs in data path: /home/nacos/data/protocol/raft/naming_instance_metadata/log from log index 39 to 39, cost 0 ms.

2024-10-17 11:42:15,078 INFO Truncated prefix logs in data path: /home/nacos/data/protocol/raft/naming_service_metadata/log from log index 39 to 39, cost 0 ms.

2024-10-17 11:45:32,874 INFO Truncated prefix logs in data path: /home/nacos/data/protocol/raft/naming_persistent_service_v2/log from log index 39 to 39, cost 0 ms.

2024-10-17 11:52:31,614 INFO Truncated prefix logs in data path: /home/nacos/data/protocol/raft/naming_instance_metadata/log from log index 39 to 39, cost 0 ms.

