2024-10-17 08:22:31,955 INFO [long-pulling] client count 0

2024-10-17 08:22:41,990 INFO [long-pulling] client count 0

2024-10-17 08:22:41,995 INFO groupCount = 4, subscriberClientCount = 0, subscriberCount = 0

2024-10-17 08:22:41,995 INFO toNotifyTaskSize = 0

2024-10-17 08:22:41,997 INFO toClientNotifyTaskSize = 0

2024-10-17 08:22:51,991 INFO [long-pulling] client count 0

2024-10-17 08:22:51,997 INFO groupCount = 4, subscriberClientCount = 0, subscriberCount = 0

2024-10-17 08:22:51,998 INFO toNotifyTaskSize = 0

2024-10-17 08:22:51,999 INFO toClientNotifyTaskSize = 0

2024-10-17 08:23:01,989 INFO [long-pulling] client count 0

2024-10-17 08:23:01,995 INFO groupCount = 4, subscriberClientCount = 0, subscriberCount = 0

2024-10-17 08:23:01,997 INFO toNotifyTaskSize = 0

2024-10-17 08:23:01,997 INFO toClientNotifyTaskSize = 0

2024-10-17 08:23:11,990 INFO [long-pulling] client count 0

2024-10-17 08:23:11,996 INFO groupCount = 4, subscriberClientCount = 0, subscriberCount = 0

2024-10-17 08:23:11,997 INFO toNotifyTaskSize = 0

2024-10-17 08:23:11,998 INFO toClientNotifyTaskSize = 0

2024-10-17 08:23:21,991 INFO [long-pulling] client count 0

2024-10-17 08:23:21,997 INFO groupCount = 4, subscriberClientCount = 0, subscriberCount = 0

2024-10-17 08:23:21,998 INFO toNotifyTaskSize = 0

2024-10-17 08:23:21,998 INFO toClientNotifyTaskSize = 0

2024-10-17 08:23:31,989 INFO [long-pulling] client count 0

2024-10-17 08:23:31,994 INFO groupCount = 4, subscriberClientCount = 0, subscriberCount = 0

2024-10-17 08:23:31,996 INFO toNotifyTaskSize = 0

2024-10-17 08:23:31,996 INFO toClientNotifyTaskSize = 0

2024-10-17 08:23:41,990 INFO [long-pulling] client count 0

2024-10-17 08:23:41,995 INFO groupCount = 4, subscriberClientCount = 0, subscriberCount = 0

2024-10-17 08:23:41,996 INFO toNotifyTaskSize = 0

2024-10-17 08:23:41,996 INFO toClientNotifyTaskSize = 0

2024-10-17 08:23:51,990 INFO [long-pulling] client count 0

2024-10-17 08:23:51,995 INFO groupCount = 4, subscriberClientCount = 0, subscriberCount = 0

2024-10-17 08:23:51,997 INFO toNotifyTaskSize = 0

2024-10-17 08:23:51,997 INFO toClientNotifyTaskSize = 0

2024-10-17 08:24:01,989 INFO [long-pulling] client count 0

2024-10-17 08:24:01,993 INFO groupCount = 4, subscriberClientCount = 0, subscriberCount = 0

2024-10-17 08:24:01,995 INFO toNotifyTaskSize = 0

2024-10-17 08:24:01,995 INFO toClientNotifyTaskSize = 0

2024-10-17 08:24:11,990 INFO [long-pulling] client count 0

2024-10-17 08:24:11,994 INFO groupCount = 4, subscriberClientCount = 0, subscriberCount = 0

2024-10-17 08:24:11,996 INFO toNotifyTaskSize = 0

2024-10-17 08:24:11,996 INFO toClientNotifyTaskSize = 0

2024-10-17 08:24:21,990 INFO [long-pulling] client count 0

2024-10-17 08:24:21,994 INFO groupCount = 4, subscriberClientCount = 0, subscriberCount = 0

2024-10-17 08:24:21,996 INFO toNotifyTaskSize = 0

2024-10-17 08:24:21,997 INFO toClientNotifyTaskSize = 0

2024-10-17 08:24:31,989 INFO [long-pulling] client count 0

2024-10-17 08:24:31,993 INFO groupCount = 4, subscriberClientCount = 0, subscriberCount = 0

2024-10-17 08:24:31,995 INFO toNotifyTaskSize = 0

2024-10-17 08:24:31,995 INFO toClientNotifyTaskSize = 0

2024-10-17 08:24:41,990 INFO [long-pulling] client count 0

2024-10-17 08:24:41,994 INFO groupCount = 4, subscriberClientCount = 0, subscriberCount = 0

2024-10-17 08:24:41,996 INFO toNotifyTaskSize = 0

2024-10-17 08:24:41,996 INFO toClientNotifyTaskSize = 0

2024-10-17 08:24:51,990 INFO [long-pulling] client count 0

2024-10-17 08:24:51,995 INFO groupCount = 4, subscriberClientCount = 0, subscriberCount = 0

2024-10-17 08:24:51,996 INFO toNotifyTaskSize = 0

2024-10-17 08:24:51,996 INFO toClientNotifyTaskSize = 0

2024-10-17 08:25:01,989 INFO [long-pulling] client count 0

2024-10-17 08:25:01,993 INFO groupCount = 4, subscriberClientCount = 0, subscriberCount = 0

2024-10-17 08:25:01,995 INFO toNotifyTaskSize = 0

2024-10-17 08:25:01,995 INFO toClientNotifyTaskSize = 0

2024-10-17 08:25:11,990 INFO [long-pulling] client count 0

2024-10-17 08:25:11,994 INFO groupCount = 4, subscriberClientCount = 0, subscriberCount = 0

2024-10-17 08:25:11,996 INFO toNotifyTaskSize = 0

2024-10-17 08:25:11,996 INFO toClientNotifyTaskSize = 0

2024-10-17 08:25:21,991 INFO [long-pulling] client count 0

2024-10-17 08:25:21,994 INFO groupCount = 4, subscriberClientCount = 0, subscriberCount = 0

2024-10-17 08:25:21,996 INFO toNotifyTaskSize = 0

2024-10-17 08:25:21,997 INFO toClientNotifyTaskSize = 0

2024-10-17 08:25:31,990 INFO [long-pulling] client count 0

2024-10-17 08:25:31,993 INFO groupCount = 4, subscriberClientCount = 0, subscriberCount = 0

2024-10-17 08:25:31,996 INFO toNotifyTaskSize = 0

2024-10-17 08:25:31,996 INFO toClientNotifyTaskSize = 0

2024-10-17 08:25:41,991 INFO [long-pulling] client count 0

2024-10-17 08:25:41,994 INFO groupCount = 4, subscriberClientCount = 0, subscriberCount = 0

2024-10-17 08:25:41,996 INFO toNotifyTaskSize = 0

2024-10-17 08:25:41,997 INFO toClientNotifyTaskSize = 0

2024-10-17 08:25:51,991 INFO [long-pulling] client count 0

2024-10-17 08:25:51,994 INFO groupCount = 4, subscriberClientCount = 0, subscriberCount = 0

2024-10-17 08:25:51,997 INFO toNotifyTaskSize = 0

2024-10-17 08:25:51,997 INFO toClientNotifyTaskSize = 0

2024-10-17 08:26:01,991 INFO [long-pulling] client count 0

2024-10-17 08:26:01,994 INFO groupCount = 4, subscriberClientCount = 0, subscriberCount = 0

2024-10-17 08:26:01,996 INFO toNotifyTaskSize = 0

2024-10-17 08:26:01,997 INFO toClientNotifyTaskSize = 0

2024-10-17 08:26:11,992 INFO [long-pulling] client count 0

2024-10-17 08:26:11,994 INFO groupCount = 4, subscriberClientCount = 0, subscriberCount = 0

2024-10-17 08:26:11,997 INFO toNotifyTaskSize = 0

2024-10-17 08:26:11,998 INFO toClientNotifyTaskSize = 0

2024-10-17 08:26:21,992 INFO [long-pulling] client count 0

2024-10-17 08:26:21,995 INFO groupCount = 4, subscriberClientCount = 0, subscriberCount = 0

2024-10-17 08:26:21,998 INFO toNotifyTaskSize = 0

2024-10-17 08:26:21,998 INFO toClientNotifyTaskSize = 0

2024-10-17 08:26:31,992 INFO [long-pulling] client count 0

2024-10-17 08:26:31,994 INFO groupCount = 4, subscriberClientCount = 0, subscriberCount = 0

2024-10-17 08:26:31,998 INFO toNotifyTaskSize = 0

2024-10-17 08:26:31,998 INFO toClientNotifyTaskSize = 0

2024-10-17 08:26:41,992 INFO [long-pulling] client count 0

2024-10-17 08:26:41,994 INFO groupCount = 4, subscriberClientCount = 0, subscriberCount = 0

2024-10-17 08:26:41,998 INFO toNotifyTaskSize = 0

2024-10-17 08:26:41,998 INFO toClientNotifyTaskSize = 0

2024-10-17 08:26:51,993 INFO [long-pulling] client count 0

2024-10-17 08:26:51,995 INFO groupCount = 4, subscriberClientCount = 0, subscriberCount = 0

2024-10-17 08:26:51,999 INFO toNotifyTaskSize = 0

2024-10-17 08:26:51,999 INFO toClientNotifyTaskSize = 0

2024-10-17 08:27:01,992 INFO [long-pulling] client count 0

2024-10-17 08:27:01,994 INFO groupCount = 4, subscriberClientCount = 0, subscriberCount = 0

2024-10-17 08:27:01,998 INFO toNotifyTaskSize = 0

2024-10-17 08:27:01,998 INFO toClientNotifyTaskSize = 0

2024-10-17 08:27:11,993 INFO [long-pulling] client count 0

2024-10-17 08:27:11,995 INFO groupCount = 4, subscriberClientCount = 0, subscriberCount = 0

2024-10-17 08:27:11,999 INFO toNotifyTaskSize = 0

2024-10-17 08:27:11,999 INFO toClientNotifyTaskSize = 0

2024-10-17 08:27:21,993 INFO [long-pulling] client count 0

2024-10-17 08:27:21,996 INFO groupCount = 4, subscriberClientCount = 0, subscriberCount = 0

2024-10-17 08:27:22,000 INFO toNotifyTaskSize = 0

2024-10-17 08:27:22,000 INFO toClientNotifyTaskSize = 0

2024-10-17 08:27:31,993 INFO [long-pulling] client count 0

2024-10-17 08:27:31,995 INFO groupCount = 4, subscriberClientCount = 0, subscriberCount = 0

2024-10-17 08:27:31,999 INFO toNotifyTaskSize = 0

2024-10-17 08:27:31,999 INFO toClientNotifyTaskSize = 0

2024-10-17 08:27:41,994 INFO [long-pulling] client count 0

2024-10-17 08:27:41,996 INFO groupCount = 4, subscriberClientCount = 0, subscriberCount = 0

2024-10-17 08:27:42,000 INFO toNotifyTaskSize = 0

2024-10-17 08:27:42,000 INFO toClientNotifyTaskSize = 0

2024-10-17 08:27:51,994 INFO [long-pulling] client count 0

2024-10-17 08:27:51,996 INFO groupCount = 4, subscriberClientCount = 0, subscriberCount = 0

2024-10-17 08:27:52,001 INFO toNotifyTaskSize = 0

2024-10-17 08:27:52,001 INFO toClientNotifyTaskSize = 0

2024-10-17 08:28:01,994 INFO [long-pulling] client count 0

2024-10-17 08:28:01,995 INFO groupCount = 4, subscriberClientCount = 0, subscriberCount = 0

2024-10-17 08:28:02,000 INFO toNotifyTaskSize = 0

2024-10-17 08:28:02,000 INFO toClientNotifyTaskSize = 0

2024-10-17 08:28:11,994 INFO [long-pulling] client count 0

2024-10-17 08:28:11,996 INFO groupCount = 4, subscriberClientCount = 0, subscriberCount = 0

2024-10-17 08:28:12,001 INFO toNotifyTaskSize = 0

2024-10-17 08:28:12,001 INFO toClientNotifyTaskSize = 0

2024-10-17 08:28:21,995 INFO [long-pulling] client count 0

2024-10-17 08:28:21,997 INFO groupCount = 4, subscriberClientCount = 0, subscriberCount = 0

2024-10-17 08:28:22,002 INFO toNotifyTaskSize = 0

2024-10-17 08:28:22,002 INFO toClientNotifyTaskSize = 0

2024-10-17 08:28:31,995 INFO [long-pulling] client count 0

2024-10-17 08:28:31,996 INFO groupCount = 4, subscriberClientCount = 0, subscriberCount = 0

2024-10-17 08:28:32,002 INFO toNotifyTaskSize = 0

2024-10-17 08:28:32,003 INFO toClientNotifyTaskSize = 0

2024-10-17 08:28:42,000 INFO groupCount = 4, subscriberClientCount = 0, subscriberCount = 0

2024-10-17 08:28:42,000 INFO [long-pulling] client count 0

2024-10-17 08:28:42,005 INFO toNotifyTaskSize = 0

2024-10-17 08:28:42,006 INFO toClientNotifyTaskSize = 0

2024-10-17 08:28:52,002 INFO groupCount = 4, subscriberClientCount = 0, subscriberCount = 0

2024-10-17 08:28:52,002 INFO [long-pulling] client count 0

2024-10-17 08:28:52,007 INFO toNotifyTaskSize = 0

2024-10-17 08:28:52,008 INFO toClientNotifyTaskSize = 0

2024-10-17 08:29:02,001 INFO groupCount = 4, subscriberClientCount = 0, subscriberCount = 0

2024-10-17 08:29:02,001 INFO [long-pulling] client count 0

2024-10-17 08:29:02,007 INFO toNotifyTaskSize = 0

2024-10-17 08:29:02,007 INFO toClientNotifyTaskSize = 0

2024-10-17 08:29:12,003 INFO groupCount = 4, subscriberClientCount = 0, subscriberCount = 0

2024-10-17 08:29:12,003 INFO [long-pulling] client count 0

2024-10-17 08:29:12,008 INFO toNotifyTaskSize = 0

2024-10-17 08:29:12,009 INFO toClientNotifyTaskSize = 0

2024-10-17 08:29:22,004 INFO groupCount = 4, subscriberClientCount = 0, subscriberCount = 0

2024-10-17 08:29:22,004 INFO [long-pulling] client count 0

2024-10-17 08:29:22,009 INFO toNotifyTaskSize = 0

2024-10-17 08:29:22,010 INFO toClientNotifyTaskSize = 0

2024-10-17 08:29:32,004 INFO [long-pulling] client count 0

2024-10-17 08:29:32,004 INFO groupCount = 4, subscriberClientCount = 0, subscriberCount = 0

2024-10-17 08:29:32,010 INFO toNotifyTaskSize = 0

2024-10-17 08:29:32,010 INFO toClientNotifyTaskSize = 0

2024-10-17 08:29:42,004 INFO [long-pulling] client count 0

2024-10-17 08:29:42,004 INFO groupCount = 4, subscriberClientCount = 0, subscriberCount = 0

2024-10-17 08:29:42,010 INFO toNotifyTaskSize = 0

2024-10-17 08:29:42,011 INFO toClientNotifyTaskSize = 0

2024-10-17 08:29:52,005 INFO [long-pulling] client count 0

2024-10-17 08:29:52,005 INFO groupCount = 4, subscriberClientCount = 0, subscriberCount = 0

2024-10-17 08:29:52,011 INFO toNotifyTaskSize = 0

2024-10-17 08:29:52,012 INFO toClientNotifyTaskSize = 0

2024-10-17 08:30:02,004 INFO [long-pulling] client count 0

2024-10-17 08:30:02,005 INFO groupCount = 4, subscriberClientCount = 0, subscriberCount = 0

2024-10-17 08:30:02,011 INFO toNotifyTaskSize = 0

2024-10-17 08:30:02,012 INFO toClientNotifyTaskSize = 0

2024-10-17 08:30:12,005 INFO [long-pulling] client count 0

2024-10-17 08:30:12,005 INFO groupCount = 4, subscriberClientCount = 0, subscriberCount = 0

2024-10-17 08:30:12,012 INFO toNotifyTaskSize = 0

2024-10-17 08:30:12,013 INFO toClientNotifyTaskSize = 0

2024-10-17 08:30:22,006 INFO [long-pulling] client count 0

2024-10-17 08:30:22,006 INFO groupCount = 4, subscriberClientCount = 0, subscriberCount = 0

2024-10-17 08:30:22,013 INFO toNotifyTaskSize = 0

2024-10-17 08:30:22,013 INFO toClientNotifyTaskSize = 0

2024-10-17 08:30:32,005 INFO [long-pulling] client count 0

2024-10-17 08:30:32,005 INFO groupCount = 4, subscriberClientCount = 0, subscriberCount = 0

2024-10-17 08:30:32,012 INFO toNotifyTaskSize = 0

2024-10-17 08:30:32,013 INFO toClientNotifyTaskSize = 0

2024-10-17 08:30:42,006 INFO [long-pulling] client count 0

2024-10-17 08:30:42,006 INFO groupCount = 4, subscriberClientCount = 0, subscriberCount = 0

2024-10-17 08:30:42,013 INFO toNotifyTaskSize = 0

2024-10-17 08:30:42,014 INFO toClientNotifyTaskSize = 0

2024-10-17 08:30:52,007 INFO [long-pulling] client count 0

2024-10-17 08:30:52,007 INFO groupCount = 4, subscriberClientCount = 0, subscriberCount = 0

2024-10-17 08:30:52,014 INFO toNotifyTaskSize = 0

2024-10-17 08:30:52,014 INFO toClientNotifyTaskSize = 0

2024-10-17 08:31:02,006 INFO [long-pulling] client count 0

2024-10-17 08:31:02,007 INFO groupCount = 4, subscriberClientCount = 0, subscriberCount = 0

2024-10-17 08:31:02,014 INFO toNotifyTaskSize = 0

2024-10-17 08:31:02,014 INFO toClientNotifyTaskSize = 0

2024-10-17 08:31:12,007 INFO [long-pulling] client count 0

2024-10-17 08:31:12,007 INFO groupCount = 4, subscriberClientCount = 0, subscriberCount = 0

2024-10-17 08:31:12,015 INFO toNotifyTaskSize = 0

2024-10-17 08:31:12,015 INFO toClientNotifyTaskSize = 0

2024-10-17 08:31:22,008 INFO [long-pulling] client count 0

2024-10-17 08:31:22,008 INFO groupCount = 4, subscriberClientCount = 0, subscriberCount = 0

2024-10-17 08:31:22,016 INFO toNotifyTaskSize = 0

2024-10-17 08:31:22,016 INFO toClientNotifyTaskSize = 0

2024-10-17 08:31:32,007 INFO [long-pulling] client count 0

2024-10-17 08:31:32,007 INFO groupCount = 4, subscriberClientCount = 0, subscriberCount = 0

2024-10-17 08:31:32,015 INFO toNotifyTaskSize = 0

2024-10-17 08:31:32,015 INFO toClientNotifyTaskSize = 0

2024-10-17 08:31:42,008 INFO [long-pulling] client count 0

2024-10-17 08:31:42,008 INFO groupCount = 4, subscriberClientCount = 0, subscriberCount = 0

2024-10-17 08:31:42,016 INFO toNotifyTaskSize = 0

2024-10-17 08:31:42,016 INFO toClientNotifyTaskSize = 0

2024-10-17 08:31:52,008 INFO [long-pulling] client count 0

2024-10-17 08:31:52,009 INFO groupCount = 4, subscriberClientCount = 0, subscriberCount = 0

2024-10-17 08:31:52,016 INFO toNotifyTaskSize = 0

2024-10-17 08:31:52,017 INFO toClientNotifyTaskSize = 0

2024-10-17 08:32:02,008 INFO [long-pulling] client count 0

2024-10-17 08:32:02,008 INFO groupCount = 4, subscriberClientCount = 0, subscriberCount = 0

2024-10-17 08:32:02,016 INFO toNotifyTaskSize = 0

2024-10-17 08:32:02,017 INFO toClientNotifyTaskSize = 0

2024-10-17 08:32:12,009 INFO [long-pulling] client count 0

2024-10-17 08:32:12,009 INFO groupCount = 4, subscriberClientCount = 0, subscriberCount = 0

2024-10-17 08:32:12,017 INFO toNotifyTaskSize = 0

2024-10-17 08:32:12,017 INFO toClientNotifyTaskSize = 0

2024-10-17 08:32:22,010 INFO [long-pulling] client count 0

2024-10-17 08:32:22,010 INFO groupCount = 4, subscriberClientCount = 0, subscriberCount = 0

2024-10-17 08:32:22,018 INFO toNotifyTaskSize = 0

2024-10-17 08:32:22,018 INFO toClientNotifyTaskSize = 0

2024-10-17 08:32:32,010 INFO [long-pulling] client count 0

2024-10-17 08:32:32,010 INFO groupCount = 4, subscriberClientCount = 0, subscriberCount = 0

2024-10-17 08:32:32,018 INFO toNotifyTaskSize = 0

2024-10-17 08:32:32,018 INFO toClientNotifyTaskSize = 0

2024-10-17 08:32:42,010 INFO [long-pulling] client count 0

2024-10-17 08:32:42,011 INFO groupCount = 4, subscriberClientCount = 0, subscriberCount = 0

2024-10-17 08:32:42,019 INFO toNotifyTaskSize = 0

2024-10-17 08:32:42,019 INFO toClientNotifyTaskSize = 0

2024-10-17 08:32:52,011 INFO [long-pulling] client count 0

2024-10-17 08:32:52,011 INFO groupCount = 4, subscriberClientCount = 0, subscriberCount = 0

2024-10-17 08:32:52,020 INFO toNotifyTaskSize = 0

2024-10-17 08:32:52,020 INFO toClientNotifyTaskSize = 0

2024-10-17 08:33:02,010 INFO [long-pulling] client count 0

2024-10-17 08:33:02,010 INFO groupCount = 4, subscriberClientCount = 0, subscriberCount = 0

2024-10-17 08:33:02,019 INFO toNotifyTaskSize = 0

2024-10-17 08:33:02,019 INFO toClientNotifyTaskSize = 0

2024-10-17 08:33:12,011 INFO [long-pulling] client count 0

2024-10-17 08:33:12,011 INFO groupCount = 4, subscriberClientCount = 0, subscriberCount = 0

2024-10-17 08:33:12,020 INFO toNotifyTaskSize = 0

2024-10-17 08:33:12,021 INFO toClientNotifyTaskSize = 0

2024-10-17 08:33:22,012 INFO [long-pulling] client count 0

2024-10-17 08:33:22,012 INFO groupCount = 4, subscriberClientCount = 0, subscriberCount = 0

2024-10-17 08:33:22,021 INFO toNotifyTaskSize = 0

2024-10-17 08:33:22,021 INFO toClientNotifyTaskSize = 0

2024-10-17 08:33:32,011 INFO [long-pulling] client count 0

2024-10-17 08:33:32,011 INFO groupCount = 4, subscriberClientCount = 0, subscriberCount = 0

2024-10-17 08:33:32,021 INFO toNotifyTaskSize = 0

2024-10-17 08:33:32,021 INFO toClientNotifyTaskSize = 0

2024-10-17 08:33:42,012 INFO [long-pulling] client count 0

2024-10-17 08:33:42,012 INFO groupCount = 4, subscriberClientCount = 0, subscriberCount = 0

2024-10-17 08:33:42,022 INFO toNotifyTaskSize = 0

2024-10-17 08:33:42,022 INFO toClientNotifyTaskSize = 0

2024-10-17 08:33:52,012 INFO [long-pulling] client count 0

2024-10-17 08:33:52,013 INFO groupCount = 4, subscriberClientCount = 0, subscriberCount = 0

2024-10-17 08:33:52,023 INFO toNotifyTaskSize = 0

2024-10-17 08:33:52,023 INFO toClientNotifyTaskSize = 0

2024-10-17 08:34:02,013 INFO [long-pulling] client count 0

2024-10-17 08:34:02,013 INFO groupCount = 4, subscriberClientCount = 0, subscriberCount = 0

2024-10-17 08:34:02,023 INFO toNotifyTaskSize = 0

2024-10-17 08:34:02,023 INFO toClientNotifyTaskSize = 0

2024-10-17 08:34:12,013 INFO [long-pulling] client count 0

2024-10-17 08:34:12,014 INFO groupCount = 4, subscriberClientCount = 0, subscriberCount = 0

2024-10-17 08:34:12,024 INFO toNotifyTaskSize = 0

2024-10-17 08:34:12,024 INFO toClientNotifyTaskSize = 0

2024-10-17 08:34:22,014 INFO [long-pulling] client count 0

2024-10-17 08:34:22,014 INFO groupCount = 4, subscriberClientCount = 0, subscriberCount = 0

2024-10-17 08:34:22,025 INFO toNotifyTaskSize = 0

2024-10-17 08:34:22,025 INFO toClientNotifyTaskSize = 0

2024-10-17 08:34:32,013 INFO [long-pulling] client count 0

2024-10-17 08:34:32,013 INFO groupCount = 4, subscriberClientCount = 0, subscriberCount = 0

2024-10-17 08:34:32,024 INFO toNotifyTaskSize = 0

2024-10-17 08:34:32,024 INFO toClientNotifyTaskSize = 0

2024-10-17 08:34:42,014 INFO [long-pulling] client count 0

2024-10-17 08:34:42,014 INFO groupCount = 4, subscriberClientCount = 0, subscriberCount = 0

2024-10-17 08:34:42,025 INFO toNotifyTaskSize = 0

2024-10-17 08:34:42,025 INFO toClientNotifyTaskSize = 0

2024-10-17 08:34:52,015 INFO [long-pulling] client count 0

2024-10-17 08:34:52,015 INFO groupCount = 4, subscriberClientCount = 0, subscriberCount = 0

2024-10-17 08:34:52,026 INFO toNotifyTaskSize = 0

2024-10-17 08:34:52,026 INFO toClientNotifyTaskSize = 0

2024-10-17 08:35:02,014 INFO [long-pulling] client count 0

2024-10-17 08:35:02,015 INFO groupCount = 4, subscriberClientCount = 0, subscriberCount = 0

2024-10-17 08:35:02,025 INFO toNotifyTaskSize = 0

2024-10-17 08:35:02,026 INFO toClientNotifyTaskSize = 0

2024-10-17 08:35:12,015 INFO [long-pulling] client count 0

2024-10-17 08:35:12,015 INFO groupCount = 4, subscriberClientCount = 0, subscriberCount = 0

2024-10-17 08:35:12,026 INFO toNotifyTaskSize = 0

2024-10-17 08:35:12,027 INFO toClientNotifyTaskSize = 0

2024-10-17 08:35:22,016 INFO [long-pulling] client count 0

2024-10-17 08:35:22,016 INFO groupCount = 4, subscriberClientCount = 0, subscriberCount = 0

2024-10-17 08:35:22,027 INFO toNotifyTaskSize = 0

2024-10-17 08:35:22,028 INFO toClientNotifyTaskSize = 0

2024-10-17 08:35:32,016 INFO [long-pulling] client count 0

2024-10-17 08:35:32,016 INFO groupCount = 4, subscriberClientCount = 0, subscriberCount = 0

2024-10-17 08:35:32,027 INFO toNotifyTaskSize = 0

2024-10-17 08:35:32,027 INFO toClientNotifyTaskSize = 0

2024-10-17 08:35:42,016 INFO [long-pulling] client count 0

2024-10-17 08:35:42,017 INFO groupCount = 4, subscriberClientCount = 0, subscriberCount = 0

2024-10-17 08:35:42,028 INFO toNotifyTaskSize = 0

2024-10-17 08:35:42,028 INFO toClientNotifyTaskSize = 0

2024-10-17 08:35:52,017 INFO [long-pulling] client count 0

2024-10-17 08:35:52,018 INFO groupCount = 4, subscriberClientCount = 0, subscriberCount = 0

2024-10-17 08:35:52,029 INFO toNotifyTaskSize = 0

2024-10-17 08:35:52,029 INFO toClientNotifyTaskSize = 0

2024-10-17 08:36:02,017 INFO [long-pulling] client count 0

2024-10-17 08:36:02,017 INFO groupCount = 4, subscriberClientCount = 0, subscriberCount = 0

2024-10-17 08:36:02,028 INFO toNotifyTaskSize = 0

2024-10-17 08:36:02,028 INFO toClientNotifyTaskSize = 0

2024-10-17 08:36:12,018 INFO [long-pulling] client count 0

2024-10-17 08:36:12,018 INFO groupCount = 4, subscriberClientCount = 0, subscriberCount = 0

2024-10-17 08:36:12,029 INFO toNotifyTaskSize = 0

2024-10-17 08:36:12,029 INFO toClientNotifyTaskSize = 0

2024-10-17 08:36:22,019 INFO [long-pulling] client count 0

2024-10-17 08:36:22,019 INFO groupCount = 4, subscriberClientCount = 0, subscriberCount = 0

2024-10-17 08:36:22,030 INFO toNotifyTaskSize = 0

2024-10-17 08:36:22,030 INFO toClientNotifyTaskSize = 0

2024-10-17 08:36:32,018 INFO [long-pulling] client count 0

2024-10-17 08:36:32,018 INFO groupCount = 4, subscriberClientCount = 0, subscriberCount = 0

2024-10-17 08:36:32,030 INFO toNotifyTaskSize = 0

2024-10-17 08:36:32,030 INFO toClientNotifyTaskSize = 0

2024-10-17 08:36:42,019 INFO [long-pulling] client count 0

2024-10-17 08:36:42,019 INFO groupCount = 4, subscriberClientCount = 0, subscriberCount = 0

2024-10-17 08:36:42,031 INFO toNotifyTaskSize = 0

2024-10-17 08:36:42,032 INFO toClientNotifyTaskSize = 0

2024-10-17 08:36:52,020 INFO [long-pulling] client count 0

2024-10-17 08:36:52,020 INFO groupCount = 4, subscriberClientCount = 0, subscriberCount = 0

2024-10-17 08:36:52,032 INFO toNotifyTaskSize = 0

2024-10-17 08:36:52,032 INFO toClientNotifyTaskSize = 0

2024-10-17 08:37:02,019 INFO [long-pulling] client count 0

2024-10-17 08:37:02,019 INFO groupCount = 4, subscriberClientCount = 0, subscriberCount = 0

2024-10-17 08:37:02,032 INFO toNotifyTaskSize = 0

2024-10-17 08:37:02,032 INFO toClientNotifyTaskSize = 0

2024-10-17 08:37:12,020 INFO groupCount = 4, subscriberClientCount = 0, subscriberCount = 0

2024-10-17 08:37:12,020 INFO [long-pulling] client count 0

2024-10-17 08:37:12,032 INFO toNotifyTaskSize = 0

2024-10-17 08:37:12,033 INFO toClientNotifyTaskSize = 0

2024-10-17 08:37:22,020 INFO groupCount = 4, subscriberClientCount = 0, subscriberCount = 0

2024-10-17 08:37:22,020 INFO [long-pulling] client count 0

2024-10-17 08:37:22,033 INFO toNotifyTaskSize = 0

2024-10-17 08:37:22,034 INFO toClientNotifyTaskSize = 0

2024-10-17 08:37:32,020 INFO groupCount = 4, subscriberClientCount = 0, subscriberCount = 0

2024-10-17 08:37:32,020 INFO [long-pulling] client count 0

2024-10-17 08:37:32,033 INFO toNotifyTaskSize = 0

2024-10-17 08:37:32,033 INFO toClientNotifyTaskSize = 0

2024-10-17 08:37:42,020 INFO groupCount = 4, subscriberClientCount = 0, subscriberCount = 0

2024-10-17 08:37:42,021 INFO [long-pulling] client count 0

2024-10-17 08:37:42,034 INFO toNotifyTaskSize = 0

2024-10-17 08:37:42,034 INFO toClientNotifyTaskSize = 0

2024-10-17 08:37:52,021 INFO groupCount = 4, subscriberClientCount = 0, subscriberCount = 0

2024-10-17 08:37:52,021 INFO [long-pulling] client count 0

2024-10-17 08:37:52,035 INFO toNotifyTaskSize = 0

2024-10-17 08:37:52,035 INFO toClientNotifyTaskSize = 0

2024-10-17 08:38:02,021 INFO groupCount = 4, subscriberClientCount = 0, subscriberCount = 0

2024-10-17 08:38:02,021 INFO [long-pulling] client count 0

2024-10-17 08:38:02,035 INFO toNotifyTaskSize = 0

2024-10-17 08:38:02,035 INFO toClientNotifyTaskSize = 0

2024-10-17 08:38:12,021 INFO groupCount = 4, subscriberClientCount = 0, subscriberCount = 0

2024-10-17 08:38:12,022 INFO [long-pulling] client count 0

2024-10-17 08:38:12,035 INFO toNotifyTaskSize = 0

2024-10-17 08:38:12,036 INFO toClientNotifyTaskSize = 0

2024-10-17 08:38:22,022 INFO groupCount = 4, subscriberClientCount = 0, subscriberCount = 0

2024-10-17 08:38:22,022 INFO [long-pulling] client count 0

2024-10-17 08:38:22,036 INFO toNotifyTaskSize = 0

2024-10-17 08:38:22,036 INFO toClientNotifyTaskSize = 0

2024-10-17 08:38:32,022 INFO groupCount = 4, subscriberClientCount = 0, subscriberCount = 0

2024-10-17 08:38:32,023 INFO [long-pulling] client count 0

2024-10-17 08:38:32,035 INFO toNotifyTaskSize = 0

2024-10-17 08:38:32,036 INFO toClientNotifyTaskSize = 0

2024-10-17 08:38:42,023 INFO [long-pulling] client count 0

2024-10-17 08:38:42,023 INFO groupCount = 4, subscriberClientCount = 0, subscriberCount = 0

2024-10-17 08:38:42,036 INFO toNotifyTaskSize = 0

2024-10-17 08:38:42,036 INFO toClientNotifyTaskSize = 0

2024-10-17 08:38:52,024 INFO [long-pulling] client count 0

2024-10-17 08:38:52,024 INFO groupCount = 4, subscriberClientCount = 0, subscriberCount = 0

2024-10-17 08:38:52,037 INFO toNotifyTaskSize = 0

2024-10-17 08:38:52,037 INFO toClientNotifyTaskSize = 0

2024-10-17 08:39:02,023 INFO [long-pulling] client count 0

2024-10-17 08:39:02,023 INFO groupCount = 4, subscriberClientCount = 0, subscriberCount = 0

2024-10-17 08:39:02,036 INFO toNotifyTaskSize = 0

2024-10-17 08:39:02,037 INFO toClientNotifyTaskSize = 0

2024-10-17 08:39:12,024 INFO [long-pulling] client count 0

2024-10-17 08:39:12,024 INFO groupCount = 4, subscriberClientCount = 0, subscriberCount = 0

2024-10-17 08:39:12,037 INFO toNotifyTaskSize = 0

2024-10-17 08:39:12,038 INFO toClientNotifyTaskSize = 0

2024-10-17 08:39:22,025 INFO [long-pulling] client count 0

2024-10-17 08:39:22,025 INFO groupCount = 4, subscriberClientCount = 0, subscriberCount = 0

2024-10-17 08:39:22,038 INFO toNotifyTaskSize = 0

2024-10-17 08:39:22,039 INFO toClientNotifyTaskSize = 0

2024-10-17 08:39:32,025 INFO [long-pulling] client count 0

2024-10-17 08:39:32,025 INFO groupCount = 4, subscriberClientCount = 0, subscriberCount = 0

2024-10-17 08:39:32,038 INFO toNotifyTaskSize = 0

2024-10-17 08:39:32,038 INFO toClientNotifyTaskSize = 0

2024-10-17 08:39:42,025 INFO [long-pulling] client count 0

2024-10-17 08:39:42,025 INFO groupCount = 4, subscriberClientCount = 0, subscriberCount = 0

2024-10-17 08:39:42,039 INFO toNotifyTaskSize = 0

2024-10-17 08:39:42,039 INFO toClientNotifyTaskSize = 0

2024-10-17 08:39:52,026 INFO [long-pulling] client count 0

2024-10-17 08:39:52,026 INFO groupCount = 4, subscriberClientCount = 0, subscriberCount = 0

2024-10-17 08:39:52,040 INFO toNotifyTaskSize = 0

2024-10-17 08:39:52,040 INFO toClientNotifyTaskSize = 0

2024-10-17 08:40:02,026 INFO [long-pulling] client count 0

2024-10-17 08:40:02,026 INFO groupCount = 4, subscriberClientCount = 0, subscriberCount = 0

2024-10-17 08:40:02,039 INFO toNotifyTaskSize = 0

2024-10-17 08:40:02,040 INFO toClientNotifyTaskSize = 0

2024-10-17 08:40:12,026 INFO [long-pulling] client count 0

2024-10-17 08:40:12,027 INFO groupCount = 4, subscriberClientCount = 0, subscriberCount = 0

2024-10-17 08:40:12,041 INFO toNotifyTaskSize = 0

2024-10-17 08:40:12,041 INFO toClientNotifyTaskSize = 0

2024-10-17 08:40:22,027 INFO [long-pulling] client count 0

2024-10-17 08:40:22,028 INFO groupCount = 4, subscriberClientCount = 0, subscriberCount = 0

2024-10-17 08:40:22,042 INFO toNotifyTaskSize = 0

2024-10-17 08:40:22,042 INFO toClientNotifyTaskSize = 0

2024-10-17 08:40:32,026 INFO [long-pulling] client count 0

2024-10-17 08:40:32,026 INFO groupCount = 4, subscriberClientCount = 0, subscriberCount = 0

2024-10-17 08:40:32,041 INFO toNotifyTaskSize = 0

2024-10-17 08:40:32,042 INFO toClientNotifyTaskSize = 0

2024-10-17 08:40:42,028 INFO [long-pulling] client count 0

2024-10-17 08:40:42,028 INFO groupCount = 4, subscriberClientCount = 0, subscriberCount = 0

2024-10-17 08:40:42,042 INFO toNotifyTaskSize = 0

2024-10-17 08:40:42,043 INFO toClientNotifyTaskSize = 0

2024-10-17 08:40:52,028 INFO [long-pulling] client count 0

2024-10-17 08:40:52,029 INFO groupCount = 4, subscriberClientCount = 0, subscriberCount = 0

2024-10-17 08:40:52,044 INFO toNotifyTaskSize = 0

2024-10-17 08:40:52,044 INFO toClientNotifyTaskSize = 0

2024-10-17 08:41:02,029 INFO [long-pulling] client count 0

2024-10-17 08:41:02,029 INFO groupCount = 4, subscriberClientCount = 0, subscriberCount = 0

2024-10-17 08:41:02,045 INFO toNotifyTaskSize = 0

2024-10-17 08:41:02,045 INFO toClientNotifyTaskSize = 0

2024-10-17 08:41:12,030 INFO groupCount = 4, subscriberClientCount = 0, subscriberCount = 0

2024-10-17 08:41:12,029 INFO [long-pulling] client count 0

2024-10-17 08:41:12,045 INFO toNotifyTaskSize = 0

2024-10-17 08:41:12,046 INFO toClientNotifyTaskSize = 0

2024-10-17 08:41:22,030 INFO groupCount = 4, subscriberClientCount = 0, subscriberCount = 0

2024-10-17 08:41:22,031 INFO [long-pulling] client count 0

2024-10-17 08:41:22,046 INFO toNotifyTaskSize = 0

2024-10-17 08:41:22,047 INFO toClientNotifyTaskSize = 0

2024-10-17 08:41:32,030 INFO groupCount = 4, subscriberClientCount = 0, subscriberCount = 0

2024-10-17 08:41:32,030 INFO [long-pulling] client count 0

2024-10-17 08:41:32,046 INFO toNotifyTaskSize = 0

2024-10-17 08:41:32,046 INFO toClientNotifyTaskSize = 0

2024-10-17 08:41:42,031 INFO groupCount = 4, subscriberClientCount = 0, subscriberCount = 0

2024-10-17 08:41:42,031 INFO [long-pulling] client count 0

2024-10-17 08:41:42,047 INFO toNotifyTaskSize = 0

2024-10-17 08:41:42,047 INFO toClientNotifyTaskSize = 0

2024-10-17 08:41:52,032 INFO groupCount = 4, subscriberClientCount = 0, subscriberCount = 0

2024-10-17 08:41:52,032 INFO [long-pulling] client count 0

2024-10-17 08:41:52,048 INFO toNotifyTaskSize = 0

2024-10-17 08:41:52,048 INFO toClientNotifyTaskSize = 0

2024-10-17 08:42:02,031 INFO groupCount = 4, subscriberClientCount = 0, subscriberCount = 0

2024-10-17 08:42:02,031 INFO [long-pulling] client count 0

2024-10-17 08:42:02,047 INFO toNotifyTaskSize = 0

2024-10-17 08:42:02,047 INFO toClientNotifyTaskSize = 0

2024-10-17 08:42:12,032 INFO groupCount = 4, subscriberClientCount = 0, subscriberCount = 0

2024-10-17 08:42:12,032 INFO [long-pulling] client count 0

2024-10-17 08:42:12,048 INFO toNotifyTaskSize = 0

2024-10-17 08:42:12,048 INFO toClientNotifyTaskSize = 0

2024-10-17 08:42:22,032 INFO groupCount = 4, subscriberClientCount = 0, subscriberCount = 0

2024-10-17 08:42:22,032 INFO [long-pulling] client count 0

2024-10-17 08:42:22,049 INFO toNotifyTaskSize = 0

2024-10-17 08:42:22,049 INFO toClientNotifyTaskSize = 0

2024-10-17 08:42:32,032 INFO [long-pulling] client count 0

2024-10-17 08:42:32,032 INFO groupCount = 4, subscriberClientCount = 0, subscriberCount = 0

2024-10-17 08:42:32,049 INFO toNotifyTaskSize = 0

2024-10-17 08:42:32,049 INFO toClientNotifyTaskSize = 0

2024-10-17 08:42:42,033 INFO [long-pulling] client count 0

2024-10-17 08:42:42,033 INFO groupCount = 4, subscriberClientCount = 0, subscriberCount = 0

2024-10-17 08:42:42,049 INFO toNotifyTaskSize = 0

2024-10-17 08:42:42,050 INFO toClientNotifyTaskSize = 0

2024-10-17 08:42:52,034 INFO [long-pulling] client count 0

2024-10-17 08:42:52,034 INFO groupCount = 4, subscriberClientCount = 0, subscriberCount = 0

2024-10-17 08:42:52,050 INFO toNotifyTaskSize = 0

2024-10-17 08:42:52,050 INFO toClientNotifyTaskSize = 0

2024-10-17 08:43:02,033 INFO [long-pulling] client count 0

2024-10-17 08:43:02,033 INFO groupCount = 4, subscriberClientCount = 0, subscriberCount = 0

2024-10-17 08:43:02,050 INFO toNotifyTaskSize = 0

2024-10-17 08:43:02,050 INFO toClientNotifyTaskSize = 0

2024-10-17 08:43:12,034 INFO [long-pulling] client count 0

2024-10-17 08:43:12,034 INFO groupCount = 4, subscriberClientCount = 0, subscriberCount = 0

2024-10-17 08:43:12,050 INFO toNotifyTaskSize = 0

2024-10-17 08:43:12,051 INFO toClientNotifyTaskSize = 0

2024-10-17 08:43:22,034 INFO [long-pulling] client count 0

2024-10-17 08:43:22,034 INFO groupCount = 4, subscriberClientCount = 0, subscriberCount = 0

2024-10-17 08:43:22,051 INFO toNotifyTaskSize = 0

2024-10-17 08:43:22,051 INFO toClientNotifyTaskSize = 0

2024-10-17 08:43:32,034 INFO [long-pulling] client count 0

2024-10-17 08:43:32,034 INFO groupCount = 4, subscriberClientCount = 0, subscriberCount = 0

2024-10-17 08:43:32,051 INFO toNotifyTaskSize = 0

2024-10-17 08:43:32,051 INFO toClientNotifyTaskSize = 0

2024-10-17 08:43:42,034 INFO [long-pulling] client count 0

2024-10-17 08:43:42,035 INFO groupCount = 4, subscriberClientCount = 0, subscriberCount = 0

2024-10-17 08:43:42,052 INFO toNotifyTaskSize = 0

2024-10-17 08:43:42,052 INFO toClientNotifyTaskSize = 0

2024-10-17 08:43:52,035 INFO [long-pulling] client count 0

2024-10-17 08:43:52,035 INFO groupCount = 4, subscriberClientCount = 0, subscriberCount = 0

2024-10-17 08:43:52,053 INFO toNotifyTaskSize = 0

2024-10-17 08:43:52,053 INFO toClientNotifyTaskSize = 0

2024-10-17 08:44:02,035 INFO [long-pulling] client count 0

2024-10-17 08:44:02,035 INFO groupCount = 4, subscriberClientCount = 0, subscriberCount = 0

2024-10-17 08:44:02,052 INFO toNotifyTaskSize = 0

2024-10-17 08:44:02,053 INFO toClientNotifyTaskSize = 0

2024-10-17 08:44:12,036 INFO [long-pulling] client count 0

2024-10-17 08:44:12,036 INFO groupCount = 4, subscriberClientCount = 0, subscriberCount = 0

2024-10-17 08:44:12,053 INFO toNotifyTaskSize = 0

2024-10-17 08:44:12,054 INFO toClientNotifyTaskSize = 0

2024-10-17 08:44:22,037 INFO [long-pulling] client count 0

2024-10-17 08:44:22,037 INFO groupCount = 4, subscriberClientCount = 0, subscriberCount = 0

2024-10-17 08:44:22,055 INFO toNotifyTaskSize = 0

2024-10-17 08:44:22,055 INFO toClientNotifyTaskSize = 0

2024-10-17 08:44:32,036 INFO [long-pulling] client count 0

2024-10-17 08:44:32,037 INFO groupCount = 4, subscriberClientCount = 0, subscriberCount = 0

2024-10-17 08:44:32,055 INFO toNotifyTaskSize = 0

2024-10-17 08:44:32,055 INFO toClientNotifyTaskSize = 0

2024-10-17 08:44:42,037 INFO [long-pulling] client count 0

2024-10-17 08:44:42,037 INFO groupCount = 4, subscriberClientCount = 0, subscriberCount = 0

2024-10-17 08:44:42,055 INFO toNotifyTaskSize = 0

2024-10-17 08:44:42,056 INFO toClientNotifyTaskSize = 0

2024-10-17 08:44:52,038 INFO [long-pulling] client count 0

2024-10-17 08:44:52,038 INFO groupCount = 4, subscriberClientCount = 0, subscriberCount = 0

2024-10-17 08:44:52,056 INFO toNotifyTaskSize = 0

2024-10-17 08:44:52,056 INFO toClientNotifyTaskSize = 0

2024-10-17 08:45:02,037 INFO [long-pulling] client count 0

2024-10-17 08:45:02,037 INFO groupCount = 4, subscriberClientCount = 0, subscriberCount = 0

2024-10-17 08:45:02,056 INFO toNotifyTaskSize = 0

2024-10-17 08:45:02,056 INFO toClientNotifyTaskSize = 0

2024-10-17 08:45:12,038 INFO [long-pulling] client count 0

2024-10-17 08:45:12,038 INFO groupCount = 4, subscriberClientCount = 0, subscriberCount = 0

2024-10-17 08:45:12,056 INFO toNotifyTaskSize = 0

2024-10-17 08:45:12,057 INFO toClientNotifyTaskSize = 0

2024-10-17 08:45:22,039 INFO [long-pulling] client count 0

2024-10-17 08:45:22,039 INFO groupCount = 4, subscriberClientCount = 0, subscriberCount = 0

2024-10-17 08:45:22,057 INFO toNotifyTaskSize = 0

2024-10-17 08:45:22,057 INFO toClientNotifyTaskSize = 0

2024-10-17 08:45:32,038 INFO groupCount = 4, subscriberClientCount = 0, subscriberCount = 0

2024-10-17 08:45:32,038 INFO [long-pulling] client count 0

2024-10-17 08:45:32,057 INFO toNotifyTaskSize = 0

2024-10-17 08:45:32,057 INFO toClientNotifyTaskSize = 0

2024-10-17 08:45:42,038 INFO groupCount = 4, subscriberClientCount = 0, subscriberCount = 0

2024-10-17 08:45:42,039 INFO [long-pulling] client count 0

2024-10-17 08:45:42,057 INFO toNotifyTaskSize = 0

2024-10-17 08:45:42,058 INFO toClientNotifyTaskSize = 0

2024-10-17 08:45:52,039 INFO groupCount = 4, subscriberClientCount = 0, subscriberCount = 0

2024-10-17 08:45:52,039 INFO [long-pulling] client count 0

2024-10-17 08:45:52,058 INFO toNotifyTaskSize = 0

2024-10-17 08:45:52,059 INFO toClientNotifyTaskSize = 0

2024-10-17 08:46:02,039 INFO [long-pulling] client count 0

2024-10-17 08:46:02,039 INFO groupCount = 4, subscriberClientCount = 0, subscriberCount = 0

2024-10-17 08:46:02,058 INFO toNotifyTaskSize = 0

2024-10-17 08:46:02,058 INFO toClientNotifyTaskSize = 0

2024-10-17 08:46:12,040 INFO [long-pulling] client count 0

2024-10-17 08:46:12,040 INFO groupCount = 4, subscriberClientCount = 0, subscriberCount = 0

2024-10-17 08:46:12,059 INFO toNotifyTaskSize = 0

2024-10-17 08:46:12,059 INFO toClientNotifyTaskSize = 0

2024-10-17 08:46:22,040 INFO [long-pulling] client count 0

2024-10-17 08:46:22,040 INFO groupCount = 4, subscriberClientCount = 0, subscriberCount = 0

2024-10-17 08:46:22,060 INFO toNotifyTaskSize = 0

2024-10-17 08:46:22,060 INFO toClientNotifyTaskSize = 0

2024-10-17 08:46:32,040 INFO [long-pulling] client count 0

2024-10-17 08:46:32,040 INFO groupCount = 4, subscriberClientCount = 0, subscriberCount = 0

2024-10-17 08:46:32,059 INFO toNotifyTaskSize = 0

2024-10-17 08:46:32,060 INFO toClientNotifyTaskSize = 0

2024-10-17 08:46:42,041 INFO [long-pulling] client count 0

2024-10-17 08:46:42,041 INFO groupCount = 4, subscriberClientCount = 0, subscriberCount = 0

2024-10-17 08:46:42,060 INFO toNotifyTaskSize = 0

2024-10-17 08:46:42,060 INFO toClientNotifyTaskSize = 0

2024-10-17 08:46:52,041 INFO [long-pulling] client count 0

2024-10-17 08:46:52,042 INFO groupCount = 4, subscriberClientCount = 0, subscriberCount = 0

2024-10-17 08:46:52,061 INFO toNotifyTaskSize = 0

2024-10-17 08:46:52,061 INFO toClientNotifyTaskSize = 0

2024-10-17 08:47:02,041 INFO [long-pulling] client count 0

2024-10-17 08:47:02,042 INFO groupCount = 4, subscriberClientCount = 0, subscriberCount = 0

2024-10-17 08:47:02,061 INFO toNotifyTaskSize = 0

2024-10-17 08:47:02,061 INFO toClientNotifyTaskSize = 0

2024-10-17 08:47:12,042 INFO [long-pulling] client count 0

2024-10-17 08:47:12,042 INFO groupCount = 4, subscriberClientCount = 0, subscriberCount = 0

2024-10-17 08:47:12,062 INFO toNotifyTaskSize = 0

2024-10-17 08:47:12,062 INFO toClientNotifyTaskSize = 0

2024-10-17 08:47:22,042 INFO [long-pulling] client count 0

2024-10-17 08:47:22,043 INFO groupCount = 4, subscriberClientCount = 0, subscriberCount = 0

2024-10-17 08:47:22,063 INFO toNotifyTaskSize = 0

2024-10-17 08:47:22,063 INFO toClientNotifyTaskSize = 0

2024-10-17 08:47:32,042 INFO [long-pulling] client count 0

2024-10-17 08:47:32,042 INFO groupCount = 4, subscriberClientCount = 0, subscriberCount = 0

2024-10-17 08:47:32,062 INFO toNotifyTaskSize = 0

2024-10-17 08:47:32,063 INFO toClientNotifyTaskSize = 0

2024-10-17 08:47:42,043 INFO [long-pulling] client count 0

2024-10-17 08:47:42,043 INFO groupCount = 4, subscriberClientCount = 0, subscriberCount = 0

2024-10-17 08:47:42,063 INFO toNotifyTaskSize = 0

2024-10-17 08:47:42,063 INFO toClientNotifyTaskSize = 0

2024-10-17 08:47:52,044 INFO [long-pulling] client count 0

2024-10-17 08:47:52,046 INFO groupCount = 4, subscriberClientCount = 0, subscriberCount = 0

2024-10-17 08:47:52,064 INFO toNotifyTaskSize = 0

2024-10-17 08:47:52,064 INFO toClientNotifyTaskSize = 0

2024-10-17 08:48:02,043 INFO [long-pulling] client count 0

2024-10-17 08:48:02,045 INFO groupCount = 4, subscriberClientCount = 0, subscriberCount = 0

2024-10-17 08:48:02,063 INFO toNotifyTaskSize = 0

2024-10-17 08:48:02,064 INFO toClientNotifyTaskSize = 0

2024-10-17 08:48:12,044 INFO [long-pulling] client count 0

2024-10-17 08:48:12,045 INFO groupCount = 4, subscriberClientCount = 0, subscriberCount = 0

2024-10-17 08:48:12,064 INFO toNotifyTaskSize = 0

2024-10-17 08:48:12,064 INFO toClientNotifyTaskSize = 0

2024-10-17 08:48:22,044 INFO [long-pulling] client count 0

2024-10-17 08:48:22,046 INFO groupCount = 4, subscriberClientCount = 0, subscriberCount = 0

2024-10-17 08:48:22,065 INFO toNotifyTaskSize = 0

2024-10-17 08:48:22,065 INFO toClientNotifyTaskSize = 0

2024-10-17 08:48:32,044 INFO [long-pulling] client count 0

2024-10-17 08:48:32,045 INFO groupCount = 4, subscriberClientCount = 0, subscriberCount = 0

2024-10-17 08:48:32,065 INFO toNotifyTaskSize = 0

2024-10-17 08:48:32,065 INFO toClientNotifyTaskSize = 0

2024-10-17 08:48:42,045 INFO [long-pulling] client count 0

2024-10-17 08:48:42,046 INFO groupCount = 4, subscriberClientCount = 0, subscriberCount = 0

2024-10-17 08:48:42,065 INFO toNotifyTaskSize = 0

2024-10-17 08:48:42,066 INFO toClientNotifyTaskSize = 0

2024-10-17 08:48:52,045 INFO [long-pulling] client count 0

2024-10-17 08:48:52,046 INFO groupCount = 4, subscriberClientCount = 0, subscriberCount = 0

2024-10-17 08:48:52,066 INFO toNotifyTaskSize = 0

2024-10-17 08:48:52,067 INFO toClientNotifyTaskSize = 0

2024-10-17 08:49:02,045 INFO [long-pulling] client count 0

2024-10-17 08:49:02,046 INFO groupCount = 4, subscriberClientCount = 0, subscriberCount = 0

2024-10-17 08:49:02,067 INFO toNotifyTaskSize = 0

2024-10-17 08:49:02,067 INFO toClientNotifyTaskSize = 0

2024-10-17 08:49:12,046 INFO [long-pulling] client count 0

2024-10-17 08:49:12,046 INFO groupCount = 4, subscriberClientCount = 0, subscriberCount = 0

2024-10-17 08:49:12,067 INFO toNotifyTaskSize = 0

2024-10-17 08:49:12,068 INFO toClientNotifyTaskSize = 0

2024-10-17 08:49:22,046 INFO [long-pulling] client count 0

2024-10-17 08:49:22,047 INFO groupCount = 4, subscriberClientCount = 0, subscriberCount = 0

2024-10-17 08:49:22,068 INFO toNotifyTaskSize = 0

2024-10-17 08:49:22,069 INFO toClientNotifyTaskSize = 0

2024-10-17 08:49:32,046 INFO [long-pulling] client count 0

2024-10-17 08:49:32,046 INFO groupCount = 4, subscriberClientCount = 0, subscriberCount = 0

2024-10-17 08:49:32,068 INFO toNotifyTaskSize = 0

2024-10-17 08:49:32,069 INFO toClientNotifyTaskSize = 0

2024-10-17 08:49:42,046 INFO [long-pulling] client count 0

2024-10-17 08:49:42,046 INFO groupCount = 4, subscriberClientCount = 0, subscriberCount = 0

2024-10-17 08:49:42,069 INFO toNotifyTaskSize = 0

2024-10-17 08:49:42,069 INFO toClientNotifyTaskSize = 0

2024-10-17 08:49:52,047 INFO [long-pulling] client count 0

2024-10-17 08:49:52,047 INFO groupCount = 4, subscriberClientCount = 0, subscriberCount = 0

2024-10-17 08:49:52,070 INFO toNotifyTaskSize = 0

2024-10-17 08:49:52,070 INFO toClientNotifyTaskSize = 0

2024-10-17 08:50:02,046 INFO [long-pulling] client count 0

2024-10-17 08:50:02,046 INFO groupCount = 4, subscriberClientCount = 0, subscriberCount = 0

2024-10-17 08:50:02,069 INFO toNotifyTaskSize = 0

2024-10-17 08:50:02,069 INFO toClientNotifyTaskSize = 0

2024-10-17 08:50:12,046 INFO [long-pulling] client count 0

2024-10-17 08:50:12,046 INFO groupCount = 4, subscriberClientCount = 0, subscriberCount = 0

2024-10-17 08:50:12,070 INFO toNotifyTaskSize = 0

2024-10-17 08:50:12,070 INFO toClientNotifyTaskSize = 0

2024-10-17 08:50:22,047 INFO [long-pulling] client count 0

2024-10-17 08:50:22,048 INFO groupCount = 4, subscriberClientCount = 0, subscriberCount = 0

2024-10-17 08:50:22,070 INFO toNotifyTaskSize = 0

2024-10-17 08:50:22,071 INFO toClientNotifyTaskSize = 0

2024-10-17 08:50:32,048 INFO [long-pulling] client count 0

2024-10-17 08:50:32,048 INFO groupCount = 4, subscriberClientCount = 0, subscriberCount = 0

2024-10-17 08:50:32,071 INFO toNotifyTaskSize = 0

2024-10-17 08:50:32,071 INFO toClientNotifyTaskSize = 0

2024-10-17 08:50:42,048 INFO [long-pulling] client count 0

2024-10-17 08:50:42,048 INFO groupCount = 4, subscriberClientCount = 0, subscriberCount = 0

2024-10-17 08:50:42,072 INFO toNotifyTaskSize = 0

2024-10-17 08:50:42,073 INFO toClientNotifyTaskSize = 0

2024-10-17 08:50:52,049 INFO [long-pulling] client count 0

2024-10-17 08:50:52,049 INFO groupCount = 4, subscriberClientCount = 0, subscriberCount = 0

2024-10-17 08:50:52,073 INFO toNotifyTaskSize = 0

2024-10-17 08:50:52,074 INFO toClientNotifyTaskSize = 0

2024-10-17 08:51:02,049 INFO [long-pulling] client count 0

2024-10-17 08:51:02,049 INFO groupCount = 4, subscriberClientCount = 0, subscriberCount = 0

2024-10-17 08:51:02,073 INFO toNotifyTaskSize = 0

2024-10-17 08:51:02,073 INFO toClientNotifyTaskSize = 0

2024-10-17 08:51:12,050 INFO [long-pulling] client count 0

2024-10-17 08:51:12,050 INFO groupCount = 4, subscriberClientCount = 0, subscriberCount = 0

2024-10-17 08:51:12,074 INFO toNotifyTaskSize = 0

2024-10-17 08:51:12,074 INFO toClientNotifyTaskSize = 0

2024-10-17 08:51:22,050 INFO [long-pulling] client count 0

2024-10-17 08:51:22,050 INFO groupCount = 4, subscriberClientCount = 0, subscriberCount = 0

2024-10-17 08:51:22,075 INFO toNotifyTaskSize = 0

2024-10-17 08:51:22,075 INFO toClientNotifyTaskSize = 0

2024-10-17 08:51:32,050 INFO [long-pulling] client count 0

2024-10-17 08:51:32,050 INFO groupCount = 4, subscriberClientCount = 0, subscriberCount = 0

2024-10-17 08:51:32,074 INFO toNotifyTaskSize = 0

2024-10-17 08:51:32,075 INFO toClientNotifyTaskSize = 0

2024-10-17 08:51:42,051 INFO [long-pulling] client count 0

2024-10-17 08:51:42,051 INFO groupCount = 4, subscriberClientCount = 0, subscriberCount = 0

2024-10-17 08:51:42,075 INFO toNotifyTaskSize = 0

2024-10-17 08:51:42,076 INFO toClientNotifyTaskSize = 0

2024-10-17 08:51:52,052 INFO [long-pulling] client count 0

2024-10-17 08:51:52,053 INFO groupCount = 4, subscriberClientCount = 0, subscriberCount = 0

2024-10-17 08:51:52,076 INFO toNotifyTaskSize = 0

2024-10-17 08:51:52,076 INFO toClientNotifyTaskSize = 0

2024-10-17 08:52:02,052 INFO [long-pulling] client count 0

2024-10-17 08:52:02,052 INFO groupCount = 4, subscriberClientCount = 0, subscriberCount = 0

2024-10-17 08:52:02,076 INFO toNotifyTaskSize = 0

2024-10-17 08:52:02,076 INFO toClientNotifyTaskSize = 0

2024-10-17 08:52:12,052 INFO [long-pulling] client count 0

2024-10-17 08:52:12,053 INFO groupCount = 4, subscriberClientCount = 0, subscriberCount = 0

2024-10-17 08:52:12,076 INFO toNotifyTaskSize = 0

2024-10-17 08:52:12,077 INFO toClientNotifyTaskSize = 0

2024-10-17 08:52:22,053 INFO [long-pulling] client count 0

2024-10-17 08:52:22,054 INFO groupCount = 4, subscriberClientCount = 0, subscriberCount = 0

2024-10-17 08:52:22,077 INFO toNotifyTaskSize = 0

2024-10-17 08:52:22,078 INFO toClientNotifyTaskSize = 0

2024-10-17 08:52:32,053 INFO [long-pulling] client count 0

2024-10-17 08:52:32,053 INFO groupCount = 4, subscriberClientCount = 0, subscriberCount = 0

2024-10-17 08:52:32,077 INFO toNotifyTaskSize = 0

2024-10-17 08:52:32,077 INFO toClientNotifyTaskSize = 0

2024-10-17 08:52:42,054 INFO [long-pulling] client count 0

2024-10-17 08:52:42,054 INFO groupCount = 4, subscriberClientCount = 0, subscriberCount = 0

2024-10-17 08:52:42,078 INFO toNotifyTaskSize = 0

2024-10-17 08:52:42,078 INFO toClientNotifyTaskSize = 0

2024-10-17 08:52:52,054 INFO [long-pulling] client count 0

2024-10-17 08:52:52,055 INFO groupCount = 4, subscriberClientCount = 0, subscriberCount = 0

2024-10-17 08:52:52,078 INFO toNotifyTaskSize = 0

2024-10-17 08:52:52,080 INFO toClientNotifyTaskSize = 0

2024-10-17 08:53:02,055 INFO [long-pulling] client count 0

2024-10-17 08:53:02,055 INFO groupCount = 4, subscriberClientCount = 0, subscriberCount = 0

2024-10-17 08:53:02,080 INFO toNotifyTaskSize = 0

2024-10-17 08:53:02,080 INFO toClientNotifyTaskSize = 0

2024-10-17 08:53:12,055 INFO [long-pulling] client count 0

2024-10-17 08:53:12,055 INFO groupCount = 4, subscriberClientCount = 0, subscriberCount = 0

2024-10-17 08:53:12,081 INFO toNotifyTaskSize = 0

2024-10-17 08:53:12,081 INFO toClientNotifyTaskSize = 0

2024-10-17 08:53:22,056 INFO [long-pulling] client count 0

2024-10-17 08:53:22,056 INFO groupCount = 4, subscriberClientCount = 0, subscriberCount = 0

2024-10-17 08:53:22,082 INFO toNotifyTaskSize = 0

2024-10-17 08:53:22,082 INFO toClientNotifyTaskSize = 0

2024-10-17 08:53:32,055 INFO [long-pulling] client count 0

2024-10-17 08:53:32,055 INFO groupCount = 4, subscriberClientCount = 0, subscriberCount = 0

2024-10-17 08:53:32,081 INFO toNotifyTaskSize = 0

2024-10-17 08:53:32,082 INFO toClientNotifyTaskSize = 0

2024-10-17 08:53:42,056 INFO [long-pulling] client count 0

2024-10-17 08:53:42,057 INFO groupCount = 4, subscriberClientCount = 0, subscriberCount = 0

2024-10-17 08:53:42,082 INFO toNotifyTaskSize = 0

2024-10-17 08:53:42,083 INFO toClientNotifyTaskSize = 0

2024-10-17 08:53:52,057 INFO [long-pulling] client count 0

2024-10-17 08:53:52,057 INFO groupCount = 4, subscriberClientCount = 0, subscriberCount = 0

2024-10-17 08:53:52,084 INFO toNotifyTaskSize = 0

2024-10-17 08:53:52,084 INFO toClientNotifyTaskSize = 0

2024-10-17 08:54:02,057 INFO [long-pulling] client count 0

2024-10-17 08:54:02,057 INFO groupCount = 4, subscriberClientCount = 0, subscriberCount = 0

2024-10-17 08:54:02,083 INFO toNotifyTaskSize = 0

2024-10-17 08:54:02,084 INFO toClientNotifyTaskSize = 0

2024-10-17 08:54:12,058 INFO [long-pulling] client count 0

2024-10-17 08:54:12,058 INFO groupCount = 4, subscriberClientCount = 0, subscriberCount = 0

2024-10-17 08:54:12,085 INFO toNotifyTaskSize = 0

2024-10-17 08:54:12,085 INFO toClientNotifyTaskSize = 0

2024-10-17 08:54:22,059 INFO [long-pulling] client count 0

2024-10-17 08:54:22,059 INFO groupCount = 4, subscriberClientCount = 0, subscriberCount = 0

2024-10-17 08:54:22,085 INFO toNotifyTaskSize = 0

2024-10-17 08:54:22,086 INFO toClientNotifyTaskSize = 0

2024-10-17 08:54:32,058 INFO [long-pulling] client count 0

2024-10-17 08:54:32,058 INFO groupCount = 4, subscriberClientCount = 0, subscriberCount = 0

2024-10-17 08:54:32,085 INFO toNotifyTaskSize = 0

2024-10-17 08:54:32,085 INFO toClientNotifyTaskSize = 0

2024-10-17 08:54:42,059 INFO [long-pulling] client count 0

2024-10-17 08:54:42,059 INFO groupCount = 4, subscriberClientCount = 0, subscriberCount = 0

2024-10-17 08:54:42,085 INFO toNotifyTaskSize = 0

2024-10-17 08:54:42,086 INFO toClientNotifyTaskSize = 0

2024-10-17 08:54:52,059 INFO [long-pulling] client count 0

2024-10-17 08:54:52,059 INFO groupCount = 4, subscriberClientCount = 0, subscriberCount = 0

2024-10-17 08:54:52,086 INFO toNotifyTaskSize = 0

2024-10-17 08:54:52,087 INFO toClientNotifyTaskSize = 0

2024-10-17 08:55:02,059 INFO [long-pulling] client count 0

2024-10-17 08:55:02,059 INFO groupCount = 4, subscriberClientCount = 0, subscriberCount = 0

2024-10-17 08:55:02,086 INFO toNotifyTaskSize = 0

2024-10-17 08:55:02,086 INFO toClientNotifyTaskSize = 0

2024-10-17 08:55:12,060 INFO [long-pulling] client count 0

2024-10-17 08:55:12,060 INFO groupCount = 4, subscriberClientCount = 0, subscriberCount = 0

2024-10-17 08:55:12,087 INFO toNotifyTaskSize = 0

2024-10-17 08:55:12,087 INFO toClientNotifyTaskSize = 0

2024-10-17 08:55:22,060 INFO [long-pulling] client count 0

2024-10-17 08:55:22,061 INFO groupCount = 4, subscriberClientCount = 0, subscriberCount = 0

2024-10-17 08:55:22,088 INFO toNotifyTaskSize = 0

2024-10-17 08:55:22,088 INFO toClientNotifyTaskSize = 0

2024-10-17 08:55:32,059 INFO [long-pulling] client count 0

2024-10-17 08:55:32,059 INFO groupCount = 4, subscriberClientCount = 0, subscriberCount = 0

2024-10-17 08:55:32,087 INFO toNotifyTaskSize = 0

2024-10-17 08:55:32,087 INFO toClientNotifyTaskSize = 0

2024-10-17 08:55:42,060 INFO [long-pulling] client count 0

2024-10-17 08:55:42,060 INFO groupCount = 4, subscriberClientCount = 0, subscriberCount = 0

2024-10-17 08:55:42,087 INFO toNotifyTaskSize = 0

2024-10-17 08:55:42,088 INFO toClientNotifyTaskSize = 0

2024-10-17 08:55:52,060 INFO [long-pulling] client count 0

2024-10-17 08:55:52,061 INFO groupCount = 4, subscriberClientCount = 0, subscriberCount = 0

2024-10-17 08:55:52,088 INFO toNotifyTaskSize = 0

2024-10-17 08:55:52,089 INFO toClientNotifyTaskSize = 0

2024-10-17 08:56:02,060 INFO [long-pulling] client count 0

2024-10-17 08:56:02,060 INFO groupCount = 4, subscriberClientCount = 0, subscriberCount = 0

2024-10-17 08:56:02,088 INFO toNotifyTaskSize = 0

2024-10-17 08:56:02,089 INFO toClientNotifyTaskSize = 0

2024-10-17 08:56:12,061 INFO [long-pulling] client count 0

2024-10-17 08:56:12,061 INFO groupCount = 4, subscriberClientCount = 0, subscriberCount = 0

2024-10-17 08:56:12,089 INFO toNotifyTaskSize = 0

2024-10-17 08:56:12,089 INFO toClientNotifyTaskSize = 0

2024-10-17 08:56:22,061 INFO [long-pulling] client count 0

2024-10-17 08:56:22,061 INFO groupCount = 4, subscriberClientCount = 0, subscriberCount = 0

2024-10-17 08:56:22,090 INFO toNotifyTaskSize = 0

2024-10-17 08:56:22,090 INFO toClientNotifyTaskSize = 0

2024-10-17 08:56:32,061 INFO [long-pulling] client count 0

2024-10-17 08:56:32,062 INFO groupCount = 4, subscriberClientCount = 0, subscriberCount = 0

2024-10-17 08:56:32,090 INFO toNotifyTaskSize = 0

2024-10-17 08:56:32,090 INFO toClientNotifyTaskSize = 0

2024-10-17 08:56:42,062 INFO [long-pulling] client count 0

2024-10-17 08:56:42,062 INFO groupCount = 4, subscriberClientCount = 0, subscriberCount = 0

2024-10-17 08:56:42,091 INFO toNotifyTaskSize = 0

2024-10-17 08:56:42,091 INFO toClientNotifyTaskSize = 0

2024-10-17 08:56:52,063 INFO [long-pulling] client count 0

2024-10-17 08:56:52,063 INFO groupCount = 4, subscriberClientCount = 0, subscriberCount = 0

2024-10-17 08:56:52,091 INFO toNotifyTaskSize = 0

2024-10-17 08:56:52,092 INFO toClientNotifyTaskSize = 0

2024-10-17 08:57:02,062 INFO [long-pulling] client count 0

2024-10-17 08:57:02,063 INFO groupCount = 4, subscriberClientCount = 0, subscriberCount = 0

2024-10-17 08:57:02,091 INFO toNotifyTaskSize = 0

2024-10-17 08:57:02,091 INFO toClientNotifyTaskSize = 0

2024-10-17 08:57:12,063 INFO [long-pulling] client count 0

2024-10-17 08:57:12,063 INFO groupCount = 4, subscriberClientCount = 0, subscriberCount = 0

2024-10-17 08:57:12,092 INFO toNotifyTaskSize = 0

2024-10-17 08:57:12,092 INFO toClientNotifyTaskSize = 0

2024-10-17 08:57:22,064 INFO [long-pulling] client count 0

2024-10-17 08:57:22,064 INFO groupCount = 4, subscriberClientCount = 0, subscriberCount = 0

2024-10-17 08:57:22,092 INFO toNotifyTaskSize = 0

2024-10-17 08:57:22,093 INFO toClientNotifyTaskSize = 0

2024-10-17 08:57:32,063 INFO [long-pulling] client count 0

2024-10-17 08:57:32,063 INFO groupCount = 4, subscriberClientCount = 0, subscriberCount = 0

2024-10-17 08:57:32,092 INFO toNotifyTaskSize = 0

2024-10-17 08:57:32,092 INFO toClientNotifyTaskSize = 0

2024-10-17 08:57:42,064 INFO [long-pulling] client count 0

2024-10-17 08:57:42,064 INFO groupCount = 4, subscriberClientCount = 0, subscriberCount = 0

2024-10-17 08:57:42,093 INFO toNotifyTaskSize = 0

2024-10-17 08:57:42,093 INFO toClientNotifyTaskSize = 0

2024-10-17 08:57:52,065 INFO [long-pulling] client count 0

2024-10-17 08:57:52,065 INFO groupCount = 4, subscriberClientCount = 0, subscriberCount = 0

2024-10-17 08:57:52,093 INFO toNotifyTaskSize = 0

2024-10-17 08:57:52,094 INFO toClientNotifyTaskSize = 0

2024-10-17 08:58:02,064 INFO [long-pulling] client count 0

2024-10-17 08:58:02,064 INFO groupCount = 4, subscriberClientCount = 0, subscriberCount = 0

2024-10-17 08:58:02,093 INFO toNotifyTaskSize = 0

2024-10-17 08:58:02,094 INFO toClientNotifyTaskSize = 0

2024-10-17 08:58:12,065 INFO [long-pulling] client count 0

2024-10-17 08:58:12,065 INFO groupCount = 4, subscriberClientCount = 0, subscriberCount = 0

2024-10-17 08:58:12,094 INFO toNotifyTaskSize = 0

2024-10-17 08:58:12,094 INFO toClientNotifyTaskSize = 0

2024-10-17 08:58:22,066 INFO [long-pulling] client count 0

2024-10-17 08:58:22,066 INFO groupCount = 4, subscriberClientCount = 0, subscriberCount = 0

2024-10-17 08:58:22,095 INFO toNotifyTaskSize = 0

2024-10-17 08:58:22,095 INFO toClientNotifyTaskSize = 0

2024-10-17 08:58:32,065 INFO [long-pulling] client count 0

2024-10-17 08:58:32,065 INFO groupCount = 4, subscriberClientCount = 0, subscriberCount = 0

2024-10-17 08:58:32,094 INFO toNotifyTaskSize = 0

2024-10-17 08:58:32,095 INFO toClientNotifyTaskSize = 0

2024-10-17 08:58:42,066 INFO [long-pulling] client count 0

2024-10-17 08:58:42,066 INFO groupCount = 4, subscriberClientCount = 0, subscriberCount = 0

2024-10-17 08:58:42,095 INFO toNotifyTaskSize = 0

2024-10-17 08:58:42,095 INFO toClientNotifyTaskSize = 0

2024-10-17 08:58:52,066 INFO [long-pulling] client count 0

2024-10-17 08:58:52,067 INFO groupCount = 4, subscriberClientCount = 0, subscriberCount = 0

2024-10-17 08:58:52,096 INFO toNotifyTaskSize = 0

2024-10-17 08:58:52,096 INFO toClientNotifyTaskSize = 0

2024-10-17 08:59:02,067 INFO [long-pulling] client count 0

2024-10-17 08:59:02,067 INFO groupCount = 4, subscriberClientCount = 0, subscriberCount = 0

2024-10-17 08:59:02,096 INFO toNotifyTaskSize = 0

2024-10-17 08:59:02,096 INFO toClientNotifyTaskSize = 0

2024-10-17 08:59:12,068 INFO [long-pulling] client count 0

2024-10-17 08:59:12,068 INFO groupCount = 4, subscriberClientCount = 0, subscriberCount = 0

2024-10-17 08:59:12,097 INFO toNotifyTaskSize = 0

2024-10-17 08:59:12,097 INFO toClientNotifyTaskSize = 0

2024-10-17 08:59:22,069 INFO [long-pulling] client count 0

2024-10-17 08:59:22,069 INFO groupCount = 4, subscriberClientCount = 0, subscriberCount = 0

2024-10-17 08:59:22,097 INFO toNotifyTaskSize = 0

2024-10-17 08:59:22,097 INFO toClientNotifyTaskSize = 0

2024-10-17 08:59:32,067 INFO [long-pulling] client count 0

2024-10-17 08:59:32,067 INFO groupCount = 4, subscriberClientCount = 0, subscriberCount = 0

2024-10-17 08:59:32,096 INFO toNotifyTaskSize = 0

2024-10-17 08:59:32,097 INFO toClientNotifyTaskSize = 0

2024-10-17 08:59:42,068 INFO [long-pulling] client count 0

2024-10-17 08:59:42,068 INFO groupCount = 4, subscriberClientCount = 0, subscriberCount = 0

2024-10-17 08:59:42,098 INFO toNotifyTaskSize = 0

2024-10-17 08:59:42,098 INFO toClientNotifyTaskSize = 0

2024-10-17 08:59:52,068 INFO [long-pulling] client count 0

2024-10-17 08:59:52,069 INFO groupCount = 4, subscriberClientCount = 0, subscriberCount = 0

2024-10-17 08:59:52,099 INFO toNotifyTaskSize = 0

2024-10-17 08:59:52,099 INFO toClientNotifyTaskSize = 0

2024-10-17 09:00:02,068 INFO [long-pulling] client count 0

2024-10-17 09:00:02,069 INFO groupCount = 4, subscriberClientCount = 0, subscriberCount = 0

2024-10-17 09:00:02,099 INFO toNotifyTaskSize = 0

2024-10-17 09:00:02,099 INFO toClientNotifyTaskSize = 0

2024-10-17 09:00:12,069 INFO [long-pulling] client count 0

2024-10-17 09:00:12,070 INFO groupCount = 4, subscriberClientCount = 0, subscriberCount = 0

2024-10-17 09:00:12,100 INFO toNotifyTaskSize = 0

2024-10-17 09:00:12,100 INFO toClientNotifyTaskSize = 0

2024-10-17 09:00:22,070 INFO [long-pulling] client count 0

2024-10-17 09:00:22,070 INFO groupCount = 4, subscriberClientCount = 0, subscriberCount = 0

2024-10-17 09:00:22,100 INFO toNotifyTaskSize = 0

2024-10-17 09:00:22,101 INFO toClientNotifyTaskSize = 0

2024-10-17 09:00:32,069 INFO [long-pulling] client count 0

2024-10-17 09:00:32,069 INFO groupCount = 4, subscriberClientCount = 0, subscriberCount = 0

2024-10-17 09:00:32,099 INFO toNotifyTaskSize = 0

2024-10-17 09:00:32,099 INFO toClientNotifyTaskSize = 0

2024-10-17 09:00:42,069 INFO [long-pulling] client count 0

2024-10-17 09:00:42,069 INFO groupCount = 4, subscriberClientCount = 0, subscriberCount = 0

2024-10-17 09:00:42,100 INFO toNotifyTaskSize = 0

2024-10-17 09:00:42,100 INFO toClientNotifyTaskSize = 0

2024-10-17 09:00:52,070 INFO [long-pulling] client count 0

2024-10-17 09:00:52,070 INFO groupCount = 4, subscriberClientCount = 0, subscriberCount = 0

2024-10-17 09:00:52,101 INFO toNotifyTaskSize = 0

2024-10-17 09:00:52,101 INFO toClientNotifyTaskSize = 0

