2024-10-17 08:23:04,243 INFO PERFORMANCE:|serviceCount|ipCount|subscribeCount|maxPushCost|avgPushCost|totalPushCount|failPushCount

2024-10-17 08:23:04,247 INFO DISTRO:|V1SyncDone|V1SyncFail|V2SyncDone|V2SyncFail|V2VerifyFail|

2024-10-17 08:23:04,247 INFO PERFORMANCE:|0|0|0|-1|-1|0|0

2024-10-17 08:23:04,256 INFO Task worker status: 
naming_0%32, pending tasks: 0
naming_1%32, pending tasks: 0
naming_2%32, pending tasks: 0
naming_3%32, pending tasks: 0
naming_4%32, pending tasks: 0
naming_5%32, pending tasks: 0
naming_6%32, pending tasks: 0
naming_7%32, pending tasks: 0
naming_8%32, pending tasks: 0
naming_9%32, pending tasks: 0
naming_10%32, pending tasks: 0
naming_11%32, pending tasks: 0
naming_12%32, pending tasks: 0
naming_13%32, pending tasks: 0
naming_14%32, pending tasks: 0
naming_15%32, pending tasks: 0
naming_16%32, pending tasks: 0
naming_17%32, pending tasks: 0
naming_18%32, pending tasks: 0
naming_19%32, pending tasks: 0
naming_20%32, pending tasks: 0
naming_21%32, pending tasks: 0
naming_22%32, pending tasks: 0
naming_23%32, pending tasks: 0
naming_24%32, pending tasks: 0
naming_25%32, pending tasks: 0
naming_26%32, pending tasks: 0
naming_27%32, pending tasks: 0
naming_28%32, pending tasks: 0
naming_29%32, pending tasks: 0
naming_30%32, pending tasks: 0
naming_31%32, pending tasks: 0


2024-10-17 08:23:04,258 INFO DISTRO:|0|0|0|

2024-10-17 08:24:04,254 INFO PERFORMANCE:|0|0|0|-1|-1|0|0

2024-10-17 08:24:04,254 INFO Task worker status: 
naming_0%32, pending tasks: 0
naming_1%32, pending tasks: 0
naming_2%32, pending tasks: 0
naming_3%32, pending tasks: 0
naming_4%32, pending tasks: 0
naming_5%32, pending tasks: 0
naming_6%32, pending tasks: 0
naming_7%32, pending tasks: 0
naming_8%32, pending tasks: 0
naming_9%32, pending tasks: 0
naming_10%32, pending tasks: 0
naming_11%32, pending tasks: 0
naming_12%32, pending tasks: 0
naming_13%32, pending tasks: 0
naming_14%32, pending tasks: 0
naming_15%32, pending tasks: 0
naming_16%32, pending tasks: 0
naming_17%32, pending tasks: 0
naming_18%32, pending tasks: 0
naming_19%32, pending tasks: 0
naming_20%32, pending tasks: 0
naming_21%32, pending tasks: 0
naming_22%32, pending tasks: 0
naming_23%32, pending tasks: 0
naming_24%32, pending tasks: 0
naming_25%32, pending tasks: 0
naming_26%32, pending tasks: 0
naming_27%32, pending tasks: 0
naming_28%32, pending tasks: 0
naming_29%32, pending tasks: 0
naming_30%32, pending tasks: 0
naming_31%32, pending tasks: 0


2024-10-17 08:24:04,254 INFO DISTRO:|0|0|0|

2024-10-17 08:25:04,251 INFO PERFORMANCE:|0|0|0|-1|-1|0|0

2024-10-17 08:25:04,252 INFO Task worker status: 
naming_0%32, pending tasks: 0
naming_1%32, pending tasks: 0
naming_2%32, pending tasks: 0
naming_3%32, pending tasks: 0
naming_4%32, pending tasks: 0
naming_5%32, pending tasks: 0
naming_6%32, pending tasks: 0
naming_7%32, pending tasks: 0
naming_8%32, pending tasks: 0
naming_9%32, pending tasks: 0
naming_10%32, pending tasks: 0
naming_11%32, pending tasks: 0
naming_12%32, pending tasks: 0
naming_13%32, pending tasks: 0
naming_14%32, pending tasks: 0
naming_15%32, pending tasks: 0
naming_16%32, pending tasks: 0
naming_17%32, pending tasks: 0
naming_18%32, pending tasks: 0
naming_19%32, pending tasks: 0
naming_20%32, pending tasks: 0
naming_21%32, pending tasks: 0
naming_22%32, pending tasks: 0
naming_23%32, pending tasks: 0
naming_24%32, pending tasks: 0
naming_25%32, pending tasks: 0
naming_26%32, pending tasks: 0
naming_27%32, pending tasks: 0
naming_28%32, pending tasks: 0
naming_29%32, pending tasks: 0
naming_30%32, pending tasks: 0
naming_31%32, pending tasks: 0


2024-10-17 08:25:04,252 INFO DISTRO:|0|0|0|

2024-10-17 08:26:04,250 INFO PERFORMANCE:|0|0|0|-1|-1|0|0

2024-10-17 08:26:04,250 INFO Task worker status: 
naming_0%32, pending tasks: 0
naming_1%32, pending tasks: 0
naming_2%32, pending tasks: 0
naming_3%32, pending tasks: 0
naming_4%32, pending tasks: 0
naming_5%32, pending tasks: 0
naming_6%32, pending tasks: 0
naming_7%32, pending tasks: 0
naming_8%32, pending tasks: 0
naming_9%32, pending tasks: 0
naming_10%32, pending tasks: 0
naming_11%32, pending tasks: 0
naming_12%32, pending tasks: 0
naming_13%32, pending tasks: 0
naming_14%32, pending tasks: 0
naming_15%32, pending tasks: 0
naming_16%32, pending tasks: 0
naming_17%32, pending tasks: 0
naming_18%32, pending tasks: 0
naming_19%32, pending tasks: 0
naming_20%32, pending tasks: 0
naming_21%32, pending tasks: 0
naming_22%32, pending tasks: 0
naming_23%32, pending tasks: 0
naming_24%32, pending tasks: 0
naming_25%32, pending tasks: 0
naming_26%32, pending tasks: 0
naming_27%32, pending tasks: 0
naming_28%32, pending tasks: 0
naming_29%32, pending tasks: 0
naming_30%32, pending tasks: 0
naming_31%32, pending tasks: 0


2024-10-17 08:26:04,251 INFO DISTRO:|0|0|0|

2024-10-17 08:27:04,249 INFO PERFORMANCE:|0|0|0|-1|-1|0|0

2024-10-17 08:27:04,249 INFO Task worker status: 
naming_0%32, pending tasks: 0
naming_1%32, pending tasks: 0
naming_2%32, pending tasks: 0
naming_3%32, pending tasks: 0
naming_4%32, pending tasks: 0
naming_5%32, pending tasks: 0
naming_6%32, pending tasks: 0
naming_7%32, pending tasks: 0
naming_8%32, pending tasks: 0
naming_9%32, pending tasks: 0
naming_10%32, pending tasks: 0
naming_11%32, pending tasks: 0
naming_12%32, pending tasks: 0
naming_13%32, pending tasks: 0
naming_14%32, pending tasks: 0
naming_15%32, pending tasks: 0
naming_16%32, pending tasks: 0
naming_17%32, pending tasks: 0
naming_18%32, pending tasks: 0
naming_19%32, pending tasks: 0
naming_20%32, pending tasks: 0
naming_21%32, pending tasks: 0
naming_22%32, pending tasks: 0
naming_23%32, pending tasks: 0
naming_24%32, pending tasks: 0
naming_25%32, pending tasks: 0
naming_26%32, pending tasks: 0
naming_27%32, pending tasks: 0
naming_28%32, pending tasks: 0
naming_29%32, pending tasks: 0
naming_30%32, pending tasks: 0
naming_31%32, pending tasks: 0


2024-10-17 08:27:04,249 INFO DISTRO:|0|0|0|

2024-10-17 08:28:04,248 INFO PERFORMANCE:|0|0|0|-1|-1|0|0

2024-10-17 08:28:04,248 INFO Task worker status: 
naming_0%32, pending tasks: 0
naming_1%32, pending tasks: 0
naming_2%32, pending tasks: 0
naming_3%32, pending tasks: 0
naming_4%32, pending tasks: 0
naming_5%32, pending tasks: 0
naming_6%32, pending tasks: 0
naming_7%32, pending tasks: 0
naming_8%32, pending tasks: 0
naming_9%32, pending tasks: 0
naming_10%32, pending tasks: 0
naming_11%32, pending tasks: 0
naming_12%32, pending tasks: 0
naming_13%32, pending tasks: 0
naming_14%32, pending tasks: 0
naming_15%32, pending tasks: 0
naming_16%32, pending tasks: 0
naming_17%32, pending tasks: 0
naming_18%32, pending tasks: 0
naming_19%32, pending tasks: 0
naming_20%32, pending tasks: 0
naming_21%32, pending tasks: 0
naming_22%32, pending tasks: 0
naming_23%32, pending tasks: 0
naming_24%32, pending tasks: 0
naming_25%32, pending tasks: 0
naming_26%32, pending tasks: 0
naming_27%32, pending tasks: 0
naming_28%32, pending tasks: 0
naming_29%32, pending tasks: 0
naming_30%32, pending tasks: 0
naming_31%32, pending tasks: 0


2024-10-17 08:28:04,249 INFO DISTRO:|0|0|0|

2024-10-17 08:29:04,249 INFO PERFORMANCE:|0|0|0|-1|-1|0|0

2024-10-17 08:29:04,252 INFO Task worker status: 
naming_0%32, pending tasks: 0
naming_1%32, pending tasks: 0
naming_2%32, pending tasks: 0
naming_3%32, pending tasks: 0
naming_4%32, pending tasks: 0
naming_5%32, pending tasks: 0
naming_6%32, pending tasks: 0
naming_7%32, pending tasks: 0
naming_8%32, pending tasks: 0
naming_9%32, pending tasks: 0
naming_10%32, pending tasks: 0
naming_11%32, pending tasks: 0
naming_12%32, pending tasks: 0
naming_13%32, pending tasks: 0
naming_14%32, pending tasks: 0
naming_15%32, pending tasks: 0
naming_16%32, pending tasks: 0
naming_17%32, pending tasks: 0
naming_18%32, pending tasks: 0
naming_19%32, pending tasks: 0
naming_20%32, pending tasks: 0
naming_21%32, pending tasks: 0
naming_22%32, pending tasks: 0
naming_23%32, pending tasks: 0
naming_24%32, pending tasks: 0
naming_25%32, pending tasks: 0
naming_26%32, pending tasks: 0
naming_27%32, pending tasks: 0
naming_28%32, pending tasks: 0
naming_29%32, pending tasks: 0
naming_30%32, pending tasks: 0
naming_31%32, pending tasks: 0


2024-10-17 08:29:04,253 INFO DISTRO:|0|0|0|

2024-10-17 08:30:04,252 INFO PERFORMANCE:|0|0|0|-1|-1|0|0

2024-10-17 08:30:04,252 INFO Task worker status: 
naming_0%32, pending tasks: 0
naming_1%32, pending tasks: 0
naming_2%32, pending tasks: 0
naming_3%32, pending tasks: 0
naming_4%32, pending tasks: 0
naming_5%32, pending tasks: 0
naming_6%32, pending tasks: 0
naming_7%32, pending tasks: 0
naming_8%32, pending tasks: 0
naming_9%32, pending tasks: 0
naming_10%32, pending tasks: 0
naming_11%32, pending tasks: 0
naming_12%32, pending tasks: 0
naming_13%32, pending tasks: 0
naming_14%32, pending tasks: 0
naming_15%32, pending tasks: 0
naming_16%32, pending tasks: 0
naming_17%32, pending tasks: 0
naming_18%32, pending tasks: 0
naming_19%32, pending tasks: 0
naming_20%32, pending tasks: 0
naming_21%32, pending tasks: 0
naming_22%32, pending tasks: 0
naming_23%32, pending tasks: 0
naming_24%32, pending tasks: 0
naming_25%32, pending tasks: 0
naming_26%32, pending tasks: 0
naming_27%32, pending tasks: 0
naming_28%32, pending tasks: 0
naming_29%32, pending tasks: 0
naming_30%32, pending tasks: 0
naming_31%32, pending tasks: 0


2024-10-17 08:30:04,253 INFO DISTRO:|0|0|0|

2024-10-17 08:31:04,251 INFO PERFORMANCE:|0|0|0|-1|-1|0|0

2024-10-17 08:31:04,252 INFO Task worker status: 
naming_0%32, pending tasks: 0
naming_1%32, pending tasks: 0
naming_2%32, pending tasks: 0
naming_3%32, pending tasks: 0
naming_4%32, pending tasks: 0
naming_5%32, pending tasks: 0
naming_6%32, pending tasks: 0
naming_7%32, pending tasks: 0
naming_8%32, pending tasks: 0
naming_9%32, pending tasks: 0
naming_10%32, pending tasks: 0
naming_11%32, pending tasks: 0
naming_12%32, pending tasks: 0
naming_13%32, pending tasks: 0
naming_14%32, pending tasks: 0
naming_15%32, pending tasks: 0
naming_16%32, pending tasks: 0
naming_17%32, pending tasks: 0
naming_18%32, pending tasks: 0
naming_19%32, pending tasks: 0
naming_20%32, pending tasks: 0
naming_21%32, pending tasks: 0
naming_22%32, pending tasks: 0
naming_23%32, pending tasks: 0
naming_24%32, pending tasks: 0
naming_25%32, pending tasks: 0
naming_26%32, pending tasks: 0
naming_27%32, pending tasks: 0
naming_28%32, pending tasks: 0
naming_29%32, pending tasks: 0
naming_30%32, pending tasks: 0
naming_31%32, pending tasks: 0


2024-10-17 08:31:04,252 INFO DISTRO:|0|0|0|

2024-10-17 08:32:04,250 INFO PERFORMANCE:|0|0|0|-1|-1|0|0

2024-10-17 08:32:04,251 INFO Task worker status: 
naming_0%32, pending tasks: 0
naming_1%32, pending tasks: 0
naming_2%32, pending tasks: 0
naming_3%32, pending tasks: 0
naming_4%32, pending tasks: 0
naming_5%32, pending tasks: 0
naming_6%32, pending tasks: 0
naming_7%32, pending tasks: 0
naming_8%32, pending tasks: 0
naming_9%32, pending tasks: 0
naming_10%32, pending tasks: 0
naming_11%32, pending tasks: 0
naming_12%32, pending tasks: 0
naming_13%32, pending tasks: 0
naming_14%32, pending tasks: 0
naming_15%32, pending tasks: 0
naming_16%32, pending tasks: 0
naming_17%32, pending tasks: 0
naming_18%32, pending tasks: 0
naming_19%32, pending tasks: 0
naming_20%32, pending tasks: 0
naming_21%32, pending tasks: 0
naming_22%32, pending tasks: 0
naming_23%32, pending tasks: 0
naming_24%32, pending tasks: 0
naming_25%32, pending tasks: 0
naming_26%32, pending tasks: 0
naming_27%32, pending tasks: 0
naming_28%32, pending tasks: 0
naming_29%32, pending tasks: 0
naming_30%32, pending tasks: 0
naming_31%32, pending tasks: 0


2024-10-17 08:32:04,251 INFO DISTRO:|0|0|0|

